
Lmod is automatically replacing "cce/15.0.0" with "gcc/11.2.0".


Lmod is automatically replacing "PrgEnv-cray/8.3.3" with "PrgEnv-gnu/8.3.3".


Due to MODULEPATH changes, the following have been reloaded:
  1) cray-mpich/8.1.23

Node summary for    8 nodes:
Node    0, hostname nid006851, mpi 128, omp   1, executable xthi_mpi_mp
Node    1, hostname nid006852, mpi 128, omp   1, executable xthi_mpi_mp
Node    2, hostname nid006853, mpi 128, omp   1, executable xthi_mpi_mp
Node    3, hostname nid006855, mpi 128, omp   1, executable xthi_mpi_mp
Node    4, hostname nid006856, mpi 128, omp   1, executable xthi_mpi_mp
Node    5, hostname nid006857, mpi 128, omp   1, executable xthi_mpi_mp
Node    6, hostname nid006858, mpi 128, omp   1, executable xthi_mpi_mp
Node    7, hostname nid006859, mpi 128, omp   1, executable xthi_mpi_mp
MPI summary: 1024 ranks 
Node    0, rank    0, thread   0, (affinity = 0,128) 
Node    0, rank    1, thread   0, (affinity = 4,132) 
Node    0, rank    2, thread   0, (affinity = 8,136) 
Node    0, rank    3, thread   0, (affinity = 12,140) 
Node    0, rank    4, thread   0, (affinity = 16,144) 
Node    0, rank    5, thread   0, (affinity = 20,148) 
Node    0, rank    6, thread   0, (affinity = 24,152) 
Node    0, rank    7, thread   0, (affinity = 28,156) 
Node    0, rank    8, thread   0, (affinity = 32,160) 
Node    0, rank    9, thread   0, (affinity = 36,164) 
Node    0, rank   10, thread   0, (affinity = 40,168) 
Node    0, rank   11, thread   0, (affinity = 44,172) 
Node    0, rank   12, thread   0, (affinity = 48,176) 
Node    0, rank   13, thread   0, (affinity = 52,180) 
Node    0, rank   14, thread   0, (affinity = 56,184) 
Node    0, rank   15, thread   0, (affinity = 60,188) 
Node    0, rank   16, thread   0, (affinity = 64,192) 
Node    0, rank   17, thread   0, (affinity = 68,196) 
Node    0, rank   18, thread   0, (affinity = 72,200) 
Node    0, rank   19, thread   0, (affinity = 76,204) 
Node    0, rank   20, thread   0, (affinity = 80,208) 
Node    0, rank   21, thread   0, (affinity = 84,212) 
Node    0, rank   22, thread   0, (affinity = 88,216) 
Node    0, rank   23, thread   0, (affinity = 92,220) 
Node    0, rank   24, thread   0, (affinity = 96,224) 
Node    0, rank   25, thread   0, (affinity = 100,228) 
Node    0, rank   26, thread   0, (affinity = 104,232) 
Node    0, rank   27, thread   0, (affinity = 108,236) 
Node    0, rank   28, thread   0, (affinity = 112,240) 
Node    0, rank   29, thread   0, (affinity = 116,244) 
Node    0, rank   30, thread   0, (affinity = 120,248) 
Node    0, rank   31, thread   0, (affinity = 124,252) 
Node    0, rank   32, thread   0, (affinity = 1,129) 
Node    0, rank   33, thread   0, (affinity = 5,133) 
Node    0, rank   34, thread   0, (affinity = 9,137) 
Node    0, rank   35, thread   0, (affinity = 13,141) 
Node    0, rank   36, thread   0, (affinity = 17,145) 
Node    0, rank   37, thread   0, (affinity = 21,149) 
Node    0, rank   38, thread   0, (affinity = 25,153) 
Node    0, rank   39, thread   0, (affinity = 29,157) 
Node    0, rank   40, thread   0, (affinity = 33,161) 
Node    0, rank   41, thread   0, (affinity = 37,165) 
Node    0, rank   42, thread   0, (affinity = 41,169) 
Node    0, rank   43, thread   0, (affinity = 45,173) 
Node    0, rank   44, thread   0, (affinity = 49,177) 
Node    0, rank   45, thread   0, (affinity = 53,181) 
Node    0, rank   46, thread   0, (affinity = 57,185) 
Node    0, rank   47, thread   0, (affinity = 61,189) 
Node    0, rank   48, thread   0, (affinity = 65,193) 
Node    0, rank   49, thread   0, (affinity = 69,197) 
Node    0, rank   50, thread   0, (affinity = 73,201) 
Node    0, rank   51, thread   0, (affinity = 77,205) 
Node    0, rank   52, thread   0, (affinity = 81,209) 
Node    0, rank   53, thread   0, (affinity = 85,213) 
Node    0, rank   54, thread   0, (affinity = 89,217) 
Node    0, rank   55, thread   0, (affinity = 93,221) 
Node    0, rank   56, thread   0, (affinity = 97,225) 
Node    0, rank   57, thread   0, (affinity = 101,229) 
Node    0, rank   58, thread   0, (affinity = 105,233) 
Node    0, rank   59, thread   0, (affinity = 109,237) 
Node    0, rank   60, thread   0, (affinity = 113,241) 
Node    0, rank   61, thread   0, (affinity = 117,245) 
Node    0, rank   62, thread   0, (affinity = 121,249) 
Node    0, rank   63, thread   0, (affinity = 125,253) 
Node    0, rank   64, thread   0, (affinity = 2,130) 
Node    0, rank   65, thread   0, (affinity = 6,134) 
Node    0, rank   66, thread   0, (affinity = 10,138) 
Node    0, rank   67, thread   0, (affinity = 14,142) 
Node    0, rank   68, thread   0, (affinity = 18,146) 
Node    0, rank   69, thread   0, (affinity = 22,150) 
Node    0, rank   70, thread   0, (affinity = 26,154) 
Node    0, rank   71, thread   0, (affinity = 30,158) 
Node    0, rank   72, thread   0, (affinity = 34,162) 
Node    0, rank   73, thread   0, (affinity = 38,166) 
Node    0, rank   74, thread   0, (affinity = 42,170) 
Node    0, rank   75, thread   0, (affinity = 46,174) 
Node    0, rank   76, thread   0, (affinity = 50,178) 
Node    0, rank   77, thread   0, (affinity = 54,182) 
Node    0, rank   78, thread   0, (affinity = 58,186) 
Node    0, rank   79, thread   0, (affinity = 62,190) 
Node    0, rank   80, thread   0, (affinity = 66,194) 
Node    0, rank   81, thread   0, (affinity = 70,198) 
Node    0, rank   82, thread   0, (affinity = 74,202) 
Node    0, rank   83, thread   0, (affinity = 78,206) 
Node    0, rank   84, thread   0, (affinity = 82,210) 
Node    0, rank   85, thread   0, (affinity = 86,214) 
Node    0, rank   86, thread   0, (affinity = 90,218) 
Node    0, rank   87, thread   0, (affinity = 94,222) 
Node    0, rank   88, thread   0, (affinity = 98,226) 
Node    0, rank   89, thread   0, (affinity = 102,230) 
Node    0, rank   90, thread   0, (affinity = 106,234) 
Node    0, rank   91, thread   0, (affinity = 110,238) 
Node    0, rank   92, thread   0, (affinity = 114,242) 
Node    0, rank   93, thread   0, (affinity = 118,246) 
Node    0, rank   94, thread   0, (affinity = 122,250) 
Node    0, rank   95, thread   0, (affinity = 126,254) 
Node    0, rank   96, thread   0, (affinity = 3,131) 
Node    0, rank   97, thread   0, (affinity = 7,135) 
Node    0, rank   98, thread   0, (affinity = 11,139) 
Node    0, rank   99, thread   0, (affinity = 15,143) 
Node    0, rank  100, thread   0, (affinity = 19,147) 
Node    0, rank  101, thread   0, (affinity = 23,151) 
Node    0, rank  102, thread   0, (affinity = 27,155) 
Node    0, rank  103, thread   0, (affinity = 31,159) 
Node    0, rank  104, thread   0, (affinity = 35,163) 
Node    0, rank  105, thread   0, (affinity = 39,167) 
Node    0, rank  106, thread   0, (affinity = 43,171) 
Node    0, rank  107, thread   0, (affinity = 47,175) 
Node    0, rank  108, thread   0, (affinity = 51,179) 
Node    0, rank  109, thread   0, (affinity = 55,183) 
Node    0, rank  110, thread   0, (affinity = 59,187) 
Node    0, rank  111, thread   0, (affinity = 63,191) 
Node    0, rank  112, thread   0, (affinity = 67,195) 
Node    0, rank  113, thread   0, (affinity = 71,199) 
Node    0, rank  114, thread   0, (affinity = 75,203) 
Node    0, rank  115, thread   0, (affinity = 79,207) 
Node    0, rank  116, thread   0, (affinity = 83,211) 
Node    0, rank  117, thread   0, (affinity = 87,215) 
Node    0, rank  118, thread   0, (affinity = 91,219) 
Node    0, rank  119, thread   0, (affinity = 95,223) 
Node    0, rank  120, thread   0, (affinity = 99,227) 
Node    0, rank  121, thread   0, (affinity = 103,231) 
Node    0, rank  122, thread   0, (affinity = 107,235) 
Node    0, rank  123, thread   0, (affinity = 111,239) 
Node    0, rank  124, thread   0, (affinity = 115,243) 
Node    0, rank  125, thread   0, (affinity = 119,247) 
Node    0, rank  126, thread   0, (affinity = 123,251) 
Node    0, rank  127, thread   0, (affinity = 127,255) 
Node    1, rank  128, thread   0, (affinity = 0,128) 
Node    1, rank  129, thread   0, (affinity = 4,132) 
Node    1, rank  130, thread   0, (affinity = 8,136) 
Node    1, rank  131, thread   0, (affinity = 12,140) 
Node    1, rank  132, thread   0, (affinity = 16,144) 
Node    1, rank  133, thread   0, (affinity = 20,148) 
Node    1, rank  134, thread   0, (affinity = 24,152) 
Node    1, rank  135, thread   0, (affinity = 28,156) 
Node    1, rank  136, thread   0, (affinity = 32,160) 
Node    1, rank  137, thread   0, (affinity = 36,164) 
Node    1, rank  138, thread   0, (affinity = 40,168) 
Node    1, rank  139, thread   0, (affinity = 44,172) 
Node    1, rank  140, thread   0, (affinity = 48,176) 
Node    1, rank  141, thread   0, (affinity = 52,180) 
Node    1, rank  142, thread   0, (affinity = 56,184) 
Node    1, rank  143, thread   0, (affinity = 60,188) 
Node    1, rank  144, thread   0, (affinity = 64,192) 
Node    1, rank  145, thread   0, (affinity = 68,196) 
Node    1, rank  146, thread   0, (affinity = 72,200) 
Node    1, rank  147, thread   0, (affinity = 76,204) 
Node    1, rank  148, thread   0, (affinity = 80,208) 
Node    1, rank  149, thread   0, (affinity = 84,212) 
Node    1, rank  150, thread   0, (affinity = 88,216) 
Node    1, rank  151, thread   0, (affinity = 92,220) 
Node    1, rank  152, thread   0, (affinity = 96,224) 
Node    1, rank  153, thread   0, (affinity = 100,228) 
Node    1, rank  154, thread   0, (affinity = 104,232) 
Node    1, rank  155, thread   0, (affinity = 108,236) 
Node    1, rank  156, thread   0, (affinity = 112,240) 
Node    1, rank  157, thread   0, (affinity = 116,244) 
Node    1, rank  158, thread   0, (affinity = 120,248) 
Node    1, rank  159, thread   0, (affinity = 124,252) 
Node    1, rank  160, thread   0, (affinity = 1,129) 
Node    1, rank  161, thread   0, (affinity = 5,133) 
Node    1, rank  162, thread   0, (affinity = 9,137) 
Node    1, rank  163, thread   0, (affinity = 13,141) 
Node    1, rank  164, thread   0, (affinity = 17,145) 
Node    1, rank  165, thread   0, (affinity = 21,149) 
Node    1, rank  166, thread   0, (affinity = 25,153) 
Node    1, rank  167, thread   0, (affinity = 29,157) 
Node    1, rank  168, thread   0, (affinity = 33,161) 
Node    1, rank  169, thread   0, (affinity = 37,165) 
Node    1, rank  170, thread   0, (affinity = 41,169) 
Node    1, rank  171, thread   0, (affinity = 45,173) 
Node    1, rank  172, thread   0, (affinity = 49,177) 
Node    1, rank  173, thread   0, (affinity = 53,181) 
Node    1, rank  174, thread   0, (affinity = 57,185) 
Node    1, rank  175, thread   0, (affinity = 61,189) 
Node    1, rank  176, thread   0, (affinity = 65,193) 
Node    1, rank  177, thread   0, (affinity = 69,197) 
Node    1, rank  178, thread   0, (affinity = 73,201) 
Node    1, rank  179, thread   0, (affinity = 77,205) 
Node    1, rank  180, thread   0, (affinity = 81,209) 
Node    1, rank  181, thread   0, (affinity = 85,213) 
Node    1, rank  182, thread   0, (affinity = 89,217) 
Node    1, rank  183, thread   0, (affinity = 93,221) 
Node    1, rank  184, thread   0, (affinity = 97,225) 
Node    1, rank  185, thread   0, (affinity = 101,229) 
Node    1, rank  186, thread   0, (affinity = 105,233) 
Node    1, rank  187, thread   0, (affinity = 109,237) 
Node    1, rank  188, thread   0, (affinity = 113,241) 
Node    1, rank  189, thread   0, (affinity = 117,245) 
Node    1, rank  190, thread   0, (affinity = 121,249) 
Node    1, rank  191, thread   0, (affinity = 125,253) 
Node    1, rank  192, thread   0, (affinity = 2,130) 
Node    1, rank  193, thread   0, (affinity = 6,134) 
Node    1, rank  194, thread   0, (affinity = 10,138) 
Node    1, rank  195, thread   0, (affinity = 14,142) 
Node    1, rank  196, thread   0, (affinity = 18,146) 
Node    1, rank  197, thread   0, (affinity = 22,150) 
Node    1, rank  198, thread   0, (affinity = 26,154) 
Node    1, rank  199, thread   0, (affinity = 30,158) 
Node    1, rank  200, thread   0, (affinity = 34,162) 
Node    1, rank  201, thread   0, (affinity = 38,166) 
Node    1, rank  202, thread   0, (affinity = 42,170) 
Node    1, rank  203, thread   0, (affinity = 46,174) 
Node    1, rank  204, thread   0, (affinity = 50,178) 
Node    1, rank  205, thread   0, (affinity = 54,182) 
Node    1, rank  206, thread   0, (affinity = 58,186) 
Node    1, rank  207, thread   0, (affinity = 62,190) 
Node    1, rank  208, thread   0, (affinity = 66,194) 
Node    1, rank  209, thread   0, (affinity = 70,198) 
Node    1, rank  210, thread   0, (affinity = 74,202) 
Node    1, rank  211, thread   0, (affinity = 78,206) 
Node    1, rank  212, thread   0, (affinity = 82,210) 
Node    1, rank  213, thread   0, (affinity = 86,214) 
Node    1, rank  214, thread   0, (affinity = 90,218) 
Node    1, rank  215, thread   0, (affinity = 94,222) 
Node    1, rank  216, thread   0, (affinity = 98,226) 
Node    1, rank  217, thread   0, (affinity = 102,230) 
Node    1, rank  218, thread   0, (affinity = 106,234) 
Node    1, rank  219, thread   0, (affinity = 110,238) 
Node    1, rank  220, thread   0, (affinity = 114,242) 
Node    1, rank  221, thread   0, (affinity = 118,246) 
Node    1, rank  222, thread   0, (affinity = 122,250) 
Node    1, rank  223, thread   0, (affinity = 126,254) 
Node    1, rank  224, thread   0, (affinity = 3,131) 
Node    1, rank  225, thread   0, (affinity = 7,135) 
Node    1, rank  226, thread   0, (affinity = 11,139) 
Node    1, rank  227, thread   0, (affinity = 15,143) 
Node    1, rank  228, thread   0, (affinity = 19,147) 
Node    1, rank  229, thread   0, (affinity = 23,151) 
Node    1, rank  230, thread   0, (affinity = 27,155) 
Node    1, rank  231, thread   0, (affinity = 31,159) 
Node    1, rank  232, thread   0, (affinity = 35,163) 
Node    1, rank  233, thread   0, (affinity = 39,167) 
Node    1, rank  234, thread   0, (affinity = 43,171) 
Node    1, rank  235, thread   0, (affinity = 47,175) 
Node    1, rank  236, thread   0, (affinity = 51,179) 
Node    1, rank  237, thread   0, (affinity = 55,183) 
Node    1, rank  238, thread   0, (affinity = 59,187) 
Node    1, rank  239, thread   0, (affinity = 63,191) 
Node    1, rank  240, thread   0, (affinity = 67,195) 
Node    1, rank  241, thread   0, (affinity = 71,199) 
Node    1, rank  242, thread   0, (affinity = 75,203) 
Node    1, rank  243, thread   0, (affinity = 79,207) 
Node    1, rank  244, thread   0, (affinity = 83,211) 
Node    1, rank  245, thread   0, (affinity = 87,215) 
Node    1, rank  246, thread   0, (affinity = 91,219) 
Node    1, rank  247, thread   0, (affinity = 95,223) 
Node    1, rank  248, thread   0, (affinity = 99,227) 
Node    1, rank  249, thread   0, (affinity = 103,231) 
Node    1, rank  250, thread   0, (affinity = 107,235) 
Node    1, rank  251, thread   0, (affinity = 111,239) 
Node    1, rank  252, thread   0, (affinity = 115,243) 
Node    1, rank  253, thread   0, (affinity = 119,247) 
Node    1, rank  254, thread   0, (affinity = 123,251) 
Node    1, rank  255, thread   0, (affinity = 127,255) 
Node    2, rank  256, thread   0, (affinity = 0,128) 
Node    2, rank  257, thread   0, (affinity = 4,132) 
Node    2, rank  258, thread   0, (affinity = 8,136) 
Node    2, rank  259, thread   0, (affinity = 12,140) 
Node    2, rank  260, thread   0, (affinity = 16,144) 
Node    2, rank  261, thread   0, (affinity = 20,148) 
Node    2, rank  262, thread   0, (affinity = 24,152) 
Node    2, rank  263, thread   0, (affinity = 28,156) 
Node    2, rank  264, thread   0, (affinity = 32,160) 
Node    2, rank  265, thread   0, (affinity = 36,164) 
Node    2, rank  266, thread   0, (affinity = 40,168) 
Node    2, rank  267, thread   0, (affinity = 44,172) 
Node    2, rank  268, thread   0, (affinity = 48,176) 
Node    2, rank  269, thread   0, (affinity = 52,180) 
Node    2, rank  270, thread   0, (affinity = 56,184) 
Node    2, rank  271, thread   0, (affinity = 60,188) 
Node    2, rank  272, thread   0, (affinity = 64,192) 
Node    2, rank  273, thread   0, (affinity = 68,196) 
Node    2, rank  274, thread   0, (affinity = 72,200) 
Node    2, rank  275, thread   0, (affinity = 76,204) 
Node    2, rank  276, thread   0, (affinity = 80,208) 
Node    2, rank  277, thread   0, (affinity = 84,212) 
Node    2, rank  278, thread   0, (affinity = 88,216) 
Node    2, rank  279, thread   0, (affinity = 92,220) 
Node    2, rank  280, thread   0, (affinity = 96,224) 
Node    2, rank  281, thread   0, (affinity = 100,228) 
Node    2, rank  282, thread   0, (affinity = 104,232) 
Node    2, rank  283, thread   0, (affinity = 108,236) 
Node    2, rank  284, thread   0, (affinity = 112,240) 
Node    2, rank  285, thread   0, (affinity = 116,244) 
Node    2, rank  286, thread   0, (affinity = 120,248) 
Node    2, rank  287, thread   0, (affinity = 124,252) 
Node    2, rank  288, thread   0, (affinity = 1,129) 
Node    2, rank  289, thread   0, (affinity = 5,133) 
Node    2, rank  290, thread   0, (affinity = 9,137) 
Node    2, rank  291, thread   0, (affinity = 13,141) 
Node    2, rank  292, thread   0, (affinity = 17,145) 
Node    2, rank  293, thread   0, (affinity = 21,149) 
Node    2, rank  294, thread   0, (affinity = 25,153) 
Node    2, rank  295, thread   0, (affinity = 29,157) 
Node    2, rank  296, thread   0, (affinity = 33,161) 
Node    2, rank  297, thread   0, (affinity = 37,165) 
Node    2, rank  298, thread   0, (affinity = 41,169) 
Node    2, rank  299, thread   0, (affinity = 45,173) 
Node    2, rank  300, thread   0, (affinity = 49,177) 
Node    2, rank  301, thread   0, (affinity = 53,181) 
Node    2, rank  302, thread   0, (affinity = 57,185) 
Node    2, rank  303, thread   0, (affinity = 61,189) 
Node    2, rank  304, thread   0, (affinity = 65,193) 
Node    2, rank  305, thread   0, (affinity = 69,197) 
Node    2, rank  306, thread   0, (affinity = 73,201) 
Node    2, rank  307, thread   0, (affinity = 77,205) 
Node    2, rank  308, thread   0, (affinity = 81,209) 
Node    2, rank  309, thread   0, (affinity = 85,213) 
Node    2, rank  310, thread   0, (affinity = 89,217) 
Node    2, rank  311, thread   0, (affinity = 93,221) 
Node    2, rank  312, thread   0, (affinity = 97,225) 
Node    2, rank  313, thread   0, (affinity = 101,229) 
Node    2, rank  314, thread   0, (affinity = 105,233) 
Node    2, rank  315, thread   0, (affinity = 109,237) 
Node    2, rank  316, thread   0, (affinity = 113,241) 
Node    2, rank  317, thread   0, (affinity = 117,245) 
Node    2, rank  318, thread   0, (affinity = 121,249) 
Node    2, rank  319, thread   0, (affinity = 125,253) 
Node    2, rank  320, thread   0, (affinity = 2,130) 
Node    2, rank  321, thread   0, (affinity = 6,134) 
Node    2, rank  322, thread   0, (affinity = 10,138) 
Node    2, rank  323, thread   0, (affinity = 14,142) 
Node    2, rank  324, thread   0, (affinity = 18,146) 
Node    2, rank  325, thread   0, (affinity = 22,150) 
Node    2, rank  326, thread   0, (affinity = 26,154) 
Node    2, rank  327, thread   0, (affinity = 30,158) 
Node    2, rank  328, thread   0, (affinity = 34,162) 
Node    2, rank  329, thread   0, (affinity = 38,166) 
Node    2, rank  330, thread   0, (affinity = 42,170) 
Node    2, rank  331, thread   0, (affinity = 46,174) 
Node    2, rank  332, thread   0, (affinity = 50,178) 
Node    2, rank  333, thread   0, (affinity = 54,182) 
Node    2, rank  334, thread   0, (affinity = 58,186) 
Node    2, rank  335, thread   0, (affinity = 62,190) 
Node    2, rank  336, thread   0, (affinity = 66,194) 
Node    2, rank  337, thread   0, (affinity = 70,198) 
Node    2, rank  338, thread   0, (affinity = 74,202) 
Node    2, rank  339, thread   0, (affinity = 78,206) 
Node    2, rank  340, thread   0, (affinity = 82,210) 
Node    2, rank  341, thread   0, (affinity = 86,214) 
Node    2, rank  342, thread   0, (affinity = 90,218) 
Node    2, rank  343, thread   0, (affinity = 94,222) 
Node    2, rank  344, thread   0, (affinity = 98,226) 
Node    2, rank  345, thread   0, (affinity = 102,230) 
Node    2, rank  346, thread   0, (affinity = 106,234) 
Node    2, rank  347, thread   0, (affinity = 110,238) 
Node    2, rank  348, thread   0, (affinity = 114,242) 
Node    2, rank  349, thread   0, (affinity = 118,246) 
Node    2, rank  350, thread   0, (affinity = 122,250) 
Node    2, rank  351, thread   0, (affinity = 126,254) 
Node    2, rank  352, thread   0, (affinity = 3,131) 
Node    2, rank  353, thread   0, (affinity = 7,135) 
Node    2, rank  354, thread   0, (affinity = 11,139) 
Node    2, rank  355, thread   0, (affinity = 15,143) 
Node    2, rank  356, thread   0, (affinity = 19,147) 
Node    2, rank  357, thread   0, (affinity = 23,151) 
Node    2, rank  358, thread   0, (affinity = 27,155) 
Node    2, rank  359, thread   0, (affinity = 31,159) 
Node    2, rank  360, thread   0, (affinity = 35,163) 
Node    2, rank  361, thread   0, (affinity = 39,167) 
Node    2, rank  362, thread   0, (affinity = 43,171) 
Node    2, rank  363, thread   0, (affinity = 47,175) 
Node    2, rank  364, thread   0, (affinity = 51,179) 
Node    2, rank  365, thread   0, (affinity = 55,183) 
Node    2, rank  366, thread   0, (affinity = 59,187) 
Node    2, rank  367, thread   0, (affinity = 63,191) 
Node    2, rank  368, thread   0, (affinity = 67,195) 
Node    2, rank  369, thread   0, (affinity = 71,199) 
Node    2, rank  370, thread   0, (affinity = 75,203) 
Node    2, rank  371, thread   0, (affinity = 79,207) 
Node    2, rank  372, thread   0, (affinity = 83,211) 
Node    2, rank  373, thread   0, (affinity = 87,215) 
Node    2, rank  374, thread   0, (affinity = 91,219) 
Node    2, rank  375, thread   0, (affinity = 95,223) 
Node    2, rank  376, thread   0, (affinity = 99,227) 
Node    2, rank  377, thread   0, (affinity = 103,231) 
Node    2, rank  378, thread   0, (affinity = 107,235) 
Node    2, rank  379, thread   0, (affinity = 111,239) 
Node    2, rank  380, thread   0, (affinity = 115,243) 
Node    2, rank  381, thread   0, (affinity = 119,247) 
Node    2, rank  382, thread   0, (affinity = 123,251) 
Node    2, rank  383, thread   0, (affinity = 127,255) 
Node    3, rank  384, thread   0, (affinity = 0,128) 
Node    3, rank  385, thread   0, (affinity = 4,132) 
Node    3, rank  386, thread   0, (affinity = 8,136) 
Node    3, rank  387, thread   0, (affinity = 12,140) 
Node    3, rank  388, thread   0, (affinity = 16,144) 
Node    3, rank  389, thread   0, (affinity = 20,148) 
Node    3, rank  390, thread   0, (affinity = 24,152) 
Node    3, rank  391, thread   0, (affinity = 28,156) 
Node    3, rank  392, thread   0, (affinity = 32,160) 
Node    3, rank  393, thread   0, (affinity = 36,164) 
Node    3, rank  394, thread   0, (affinity = 40,168) 
Node    3, rank  395, thread   0, (affinity = 44,172) 
Node    3, rank  396, thread   0, (affinity = 48,176) 
Node    3, rank  397, thread   0, (affinity = 52,180) 
Node    3, rank  398, thread   0, (affinity = 56,184) 
Node    3, rank  399, thread   0, (affinity = 60,188) 
Node    3, rank  400, thread   0, (affinity = 64,192) 
Node    3, rank  401, thread   0, (affinity = 68,196) 
Node    3, rank  402, thread   0, (affinity = 72,200) 
Node    3, rank  403, thread   0, (affinity = 76,204) 
Node    3, rank  404, thread   0, (affinity = 80,208) 
Node    3, rank  405, thread   0, (affinity = 84,212) 
Node    3, rank  406, thread   0, (affinity = 88,216) 
Node    3, rank  407, thread   0, (affinity = 92,220) 
Node    3, rank  408, thread   0, (affinity = 96,224) 
Node    3, rank  409, thread   0, (affinity = 100,228) 
Node    3, rank  410, thread   0, (affinity = 104,232) 
Node    3, rank  411, thread   0, (affinity = 108,236) 
Node    3, rank  412, thread   0, (affinity = 112,240) 
Node    3, rank  413, thread   0, (affinity = 116,244) 
Node    3, rank  414, thread   0, (affinity = 120,248) 
Node    3, rank  415, thread   0, (affinity = 124,252) 
Node    3, rank  416, thread   0, (affinity = 1,129) 
Node    3, rank  417, thread   0, (affinity = 5,133) 
Node    3, rank  418, thread   0, (affinity = 9,137) 
Node    3, rank  419, thread   0, (affinity = 13,141) 
Node    3, rank  420, thread   0, (affinity = 17,145) 
Node    3, rank  421, thread   0, (affinity = 21,149) 
Node    3, rank  422, thread   0, (affinity = 25,153) 
Node    3, rank  423, thread   0, (affinity = 29,157) 
Node    3, rank  424, thread   0, (affinity = 33,161) 
Node    3, rank  425, thread   0, (affinity = 37,165) 
Node    3, rank  426, thread   0, (affinity = 41,169) 
Node    3, rank  427, thread   0, (affinity = 45,173) 
Node    3, rank  428, thread   0, (affinity = 49,177) 
Node    3, rank  429, thread   0, (affinity = 53,181) 
Node    3, rank  430, thread   0, (affinity = 57,185) 
Node    3, rank  431, thread   0, (affinity = 61,189) 
Node    3, rank  432, thread   0, (affinity = 65,193) 
Node    3, rank  433, thread   0, (affinity = 69,197) 
Node    3, rank  434, thread   0, (affinity = 73,201) 
Node    3, rank  435, thread   0, (affinity = 77,205) 
Node    3, rank  436, thread   0, (affinity = 81,209) 
Node    3, rank  437, thread   0, (affinity = 85,213) 
Node    3, rank  438, thread   0, (affinity = 89,217) 
Node    3, rank  439, thread   0, (affinity = 93,221) 
Node    3, rank  440, thread   0, (affinity = 97,225) 
Node    3, rank  441, thread   0, (affinity = 101,229) 
Node    3, rank  442, thread   0, (affinity = 105,233) 
Node    3, rank  443, thread   0, (affinity = 109,237) 
Node    3, rank  444, thread   0, (affinity = 113,241) 
Node    3, rank  445, thread   0, (affinity = 117,245) 
Node    3, rank  446, thread   0, (affinity = 121,249) 
Node    3, rank  447, thread   0, (affinity = 125,253) 
Node    3, rank  448, thread   0, (affinity = 2,130) 
Node    3, rank  449, thread   0, (affinity = 6,134) 
Node    3, rank  450, thread   0, (affinity = 10,138) 
Node    3, rank  451, thread   0, (affinity = 14,142) 
Node    3, rank  452, thread   0, (affinity = 18,146) 
Node    3, rank  453, thread   0, (affinity = 22,150) 
Node    3, rank  454, thread   0, (affinity = 26,154) 
Node    3, rank  455, thread   0, (affinity = 30,158) 
Node    3, rank  456, thread   0, (affinity = 34,162) 
Node    3, rank  457, thread   0, (affinity = 38,166) 
Node    3, rank  458, thread   0, (affinity = 42,170) 
Node    3, rank  459, thread   0, (affinity = 46,174) 
Node    3, rank  460, thread   0, (affinity = 50,178) 
Node    3, rank  461, thread   0, (affinity = 54,182) 
Node    3, rank  462, thread   0, (affinity = 58,186) 
Node    3, rank  463, thread   0, (affinity = 62,190) 
Node    3, rank  464, thread   0, (affinity = 66,194) 
Node    3, rank  465, thread   0, (affinity = 70,198) 
Node    3, rank  466, thread   0, (affinity = 74,202) 
Node    3, rank  467, thread   0, (affinity = 78,206) 
Node    3, rank  468, thread   0, (affinity = 82,210) 
Node    3, rank  469, thread   0, (affinity = 86,214) 
Node    3, rank  470, thread   0, (affinity = 90,218) 
Node    3, rank  471, thread   0, (affinity = 94,222) 
Node    3, rank  472, thread   0, (affinity = 98,226) 
Node    3, rank  473, thread   0, (affinity = 102,230) 
Node    3, rank  474, thread   0, (affinity = 106,234) 
Node    3, rank  475, thread   0, (affinity = 110,238) 
Node    3, rank  476, thread   0, (affinity = 114,242) 
Node    3, rank  477, thread   0, (affinity = 118,246) 
Node    3, rank  478, thread   0, (affinity = 122,250) 
Node    3, rank  479, thread   0, (affinity = 126,254) 
Node    3, rank  480, thread   0, (affinity = 3,131) 
Node    3, rank  481, thread   0, (affinity = 7,135) 
Node    3, rank  482, thread   0, (affinity = 11,139) 
Node    3, rank  483, thread   0, (affinity = 15,143) 
Node    3, rank  484, thread   0, (affinity = 19,147) 
Node    3, rank  485, thread   0, (affinity = 23,151) 
Node    3, rank  486, thread   0, (affinity = 27,155) 
Node    3, rank  487, thread   0, (affinity = 31,159) 
Node    3, rank  488, thread   0, (affinity = 35,163) 
Node    3, rank  489, thread   0, (affinity = 39,167) 
Node    3, rank  490, thread   0, (affinity = 43,171) 
Node    3, rank  491, thread   0, (affinity = 47,175) 
Node    3, rank  492, thread   0, (affinity = 51,179) 
Node    3, rank  493, thread   0, (affinity = 55,183) 
Node    3, rank  494, thread   0, (affinity = 59,187) 
Node    3, rank  495, thread   0, (affinity = 63,191) 
Node    3, rank  496, thread   0, (affinity = 67,195) 
Node    3, rank  497, thread   0, (affinity = 71,199) 
Node    3, rank  498, thread   0, (affinity = 75,203) 
Node    3, rank  499, thread   0, (affinity = 79,207) 
Node    3, rank  500, thread   0, (affinity = 83,211) 
Node    3, rank  501, thread   0, (affinity = 87,215) 
Node    3, rank  502, thread   0, (affinity = 91,219) 
Node    3, rank  503, thread   0, (affinity = 95,223) 
Node    3, rank  504, thread   0, (affinity = 99,227) 
Node    3, rank  505, thread   0, (affinity = 103,231) 
Node    3, rank  506, thread   0, (affinity = 107,235) 
Node    3, rank  507, thread   0, (affinity = 111,239) 
Node    3, rank  508, thread   0, (affinity = 115,243) 
Node    3, rank  509, thread   0, (affinity = 119,247) 
Node    3, rank  510, thread   0, (affinity = 123,251) 
Node    3, rank  511, thread   0, (affinity = 127,255) 
Node    4, rank  512, thread   0, (affinity = 0,128) 
Node    4, rank  513, thread   0, (affinity = 4,132) 
Node    4, rank  514, thread   0, (affinity = 8,136) 
Node    4, rank  515, thread   0, (affinity = 12,140) 
Node    4, rank  516, thread   0, (affinity = 16,144) 
Node    4, rank  517, thread   0, (affinity = 20,148) 
Node    4, rank  518, thread   0, (affinity = 24,152) 
Node    4, rank  519, thread   0, (affinity = 28,156) 
Node    4, rank  520, thread   0, (affinity = 32,160) 
Node    4, rank  521, thread   0, (affinity = 36,164) 
Node    4, rank  522, thread   0, (affinity = 40,168) 
Node    4, rank  523, thread   0, (affinity = 44,172) 
Node    4, rank  524, thread   0, (affinity = 48,176) 
Node    4, rank  525, thread   0, (affinity = 52,180) 
Node    4, rank  526, thread   0, (affinity = 56,184) 
Node    4, rank  527, thread   0, (affinity = 60,188) 
Node    4, rank  528, thread   0, (affinity = 64,192) 
Node    4, rank  529, thread   0, (affinity = 68,196) 
Node    4, rank  530, thread   0, (affinity = 72,200) 
Node    4, rank  531, thread   0, (affinity = 76,204) 
Node    4, rank  532, thread   0, (affinity = 80,208) 
Node    4, rank  533, thread   0, (affinity = 84,212) 
Node    4, rank  534, thread   0, (affinity = 88,216) 
Node    4, rank  535, thread   0, (affinity = 92,220) 
Node    4, rank  536, thread   0, (affinity = 96,224) 
Node    4, rank  537, thread   0, (affinity = 100,228) 
Node    4, rank  538, thread   0, (affinity = 104,232) 
Node    4, rank  539, thread   0, (affinity = 108,236) 
Node    4, rank  540, thread   0, (affinity = 112,240) 
Node    4, rank  541, thread   0, (affinity = 116,244) 
Node    4, rank  542, thread   0, (affinity = 120,248) 
Node    4, rank  543, thread   0, (affinity = 124,252) 
Node    4, rank  544, thread   0, (affinity = 1,129) 
Node    4, rank  545, thread   0, (affinity = 5,133) 
Node    4, rank  546, thread   0, (affinity = 9,137) 
Node    4, rank  547, thread   0, (affinity = 13,141) 
Node    4, rank  548, thread   0, (affinity = 17,145) 
Node    4, rank  549, thread   0, (affinity = 21,149) 
Node    4, rank  550, thread   0, (affinity = 25,153) 
Node    4, rank  551, thread   0, (affinity = 29,157) 
Node    4, rank  552, thread   0, (affinity = 33,161) 
Node    4, rank  553, thread   0, (affinity = 37,165) 
Node    4, rank  554, thread   0, (affinity = 41,169) 
Node    4, rank  555, thread   0, (affinity = 45,173) 
Node    4, rank  556, thread   0, (affinity = 49,177) 
Node    4, rank  557, thread   0, (affinity = 53,181) 
Node    4, rank  558, thread   0, (affinity = 57,185) 
Node    4, rank  559, thread   0, (affinity = 61,189) 
Node    4, rank  560, thread   0, (affinity = 65,193) 
Node    4, rank  561, thread   0, (affinity = 69,197) 
Node    4, rank  562, thread   0, (affinity = 73,201) 
Node    4, rank  563, thread   0, (affinity = 77,205) 
Node    4, rank  564, thread   0, (affinity = 81,209) 
Node    4, rank  565, thread   0, (affinity = 85,213) 
Node    4, rank  566, thread   0, (affinity = 89,217) 
Node    4, rank  567, thread   0, (affinity = 93,221) 
Node    4, rank  568, thread   0, (affinity = 97,225) 
Node    4, rank  569, thread   0, (affinity = 101,229) 
Node    4, rank  570, thread   0, (affinity = 105,233) 
Node    4, rank  571, thread   0, (affinity = 109,237) 
Node    4, rank  572, thread   0, (affinity = 113,241) 
Node    4, rank  573, thread   0, (affinity = 117,245) 
Node    4, rank  574, thread   0, (affinity = 121,249) 
Node    4, rank  575, thread   0, (affinity = 125,253) 
Node    4, rank  576, thread   0, (affinity = 2,130) 
Node    4, rank  577, thread   0, (affinity = 6,134) 
Node    4, rank  578, thread   0, (affinity = 10,138) 
Node    4, rank  579, thread   0, (affinity = 14,142) 
Node    4, rank  580, thread   0, (affinity = 18,146) 
Node    4, rank  581, thread   0, (affinity = 22,150) 
Node    4, rank  582, thread   0, (affinity = 26,154) 
Node    4, rank  583, thread   0, (affinity = 30,158) 
Node    4, rank  584, thread   0, (affinity = 34,162) 
Node    4, rank  585, thread   0, (affinity = 38,166) 
Node    4, rank  586, thread   0, (affinity = 42,170) 
Node    4, rank  587, thread   0, (affinity = 46,174) 
Node    4, rank  588, thread   0, (affinity = 50,178) 
Node    4, rank  589, thread   0, (affinity = 54,182) 
Node    4, rank  590, thread   0, (affinity = 58,186) 
Node    4, rank  591, thread   0, (affinity = 62,190) 
Node    4, rank  592, thread   0, (affinity = 66,194) 
Node    4, rank  593, thread   0, (affinity = 70,198) 
Node    4, rank  594, thread   0, (affinity = 74,202) 
Node    4, rank  595, thread   0, (affinity = 78,206) 
Node    4, rank  596, thread   0, (affinity = 82,210) 
Node    4, rank  597, thread   0, (affinity = 86,214) 
Node    4, rank  598, thread   0, (affinity = 90,218) 
Node    4, rank  599, thread   0, (affinity = 94,222) 
Node    4, rank  600, thread   0, (affinity = 98,226) 
Node    4, rank  601, thread   0, (affinity = 102,230) 
Node    4, rank  602, thread   0, (affinity = 106,234) 
Node    4, rank  603, thread   0, (affinity = 110,238) 
Node    4, rank  604, thread   0, (affinity = 114,242) 
Node    4, rank  605, thread   0, (affinity = 118,246) 
Node    4, rank  606, thread   0, (affinity = 122,250) 
Node    4, rank  607, thread   0, (affinity = 126,254) 
Node    4, rank  608, thread   0, (affinity = 3,131) 
Node    4, rank  609, thread   0, (affinity = 7,135) 
Node    4, rank  610, thread   0, (affinity = 11,139) 
Node    4, rank  611, thread   0, (affinity = 15,143) 
Node    4, rank  612, thread   0, (affinity = 19,147) 
Node    4, rank  613, thread   0, (affinity = 23,151) 
Node    4, rank  614, thread   0, (affinity = 27,155) 
Node    4, rank  615, thread   0, (affinity = 31,159) 
Node    4, rank  616, thread   0, (affinity = 35,163) 
Node    4, rank  617, thread   0, (affinity = 39,167) 
Node    4, rank  618, thread   0, (affinity = 43,171) 
Node    4, rank  619, thread   0, (affinity = 47,175) 
Node    4, rank  620, thread   0, (affinity = 51,179) 
Node    4, rank  621, thread   0, (affinity = 55,183) 
Node    4, rank  622, thread   0, (affinity = 59,187) 
Node    4, rank  623, thread   0, (affinity = 63,191) 
Node    4, rank  624, thread   0, (affinity = 67,195) 
Node    4, rank  625, thread   0, (affinity = 71,199) 
Node    4, rank  626, thread   0, (affinity = 75,203) 
Node    4, rank  627, thread   0, (affinity = 79,207) 
Node    4, rank  628, thread   0, (affinity = 83,211) 
Node    4, rank  629, thread   0, (affinity = 87,215) 
Node    4, rank  630, thread   0, (affinity = 91,219) 
Node    4, rank  631, thread   0, (affinity = 95,223) 
Node    4, rank  632, thread   0, (affinity = 99,227) 
Node    4, rank  633, thread   0, (affinity = 103,231) 
Node    4, rank  634, thread   0, (affinity = 107,235) 
Node    4, rank  635, thread   0, (affinity = 111,239) 
Node    4, rank  636, thread   0, (affinity = 115,243) 
Node    4, rank  637, thread   0, (affinity = 119,247) 
Node    4, rank  638, thread   0, (affinity = 123,251) 
Node    4, rank  639, thread   0, (affinity = 127,255) 
Node    5, rank  640, thread   0, (affinity = 0,128) 
Node    5, rank  641, thread   0, (affinity = 4,132) 
Node    5, rank  642, thread   0, (affinity = 8,136) 
Node    5, rank  643, thread   0, (affinity = 12,140) 
Node    5, rank  644, thread   0, (affinity = 16,144) 
Node    5, rank  645, thread   0, (affinity = 20,148) 
Node    5, rank  646, thread   0, (affinity = 24,152) 
Node    5, rank  647, thread   0, (affinity = 28,156) 
Node    5, rank  648, thread   0, (affinity = 32,160) 
Node    5, rank  649, thread   0, (affinity = 36,164) 
Node    5, rank  650, thread   0, (affinity = 40,168) 
Node    5, rank  651, thread   0, (affinity = 44,172) 
Node    5, rank  652, thread   0, (affinity = 48,176) 
Node    5, rank  653, thread   0, (affinity = 52,180) 
Node    5, rank  654, thread   0, (affinity = 56,184) 
Node    5, rank  655, thread   0, (affinity = 60,188) 
Node    5, rank  656, thread   0, (affinity = 64,192) 
Node    5, rank  657, thread   0, (affinity = 68,196) 
Node    5, rank  658, thread   0, (affinity = 72,200) 
Node    5, rank  659, thread   0, (affinity = 76,204) 
Node    5, rank  660, thread   0, (affinity = 80,208) 
Node    5, rank  661, thread   0, (affinity = 84,212) 
Node    5, rank  662, thread   0, (affinity = 88,216) 
Node    5, rank  663, thread   0, (affinity = 92,220) 
Node    5, rank  664, thread   0, (affinity = 96,224) 
Node    5, rank  665, thread   0, (affinity = 100,228) 
Node    5, rank  666, thread   0, (affinity = 104,232) 
Node    5, rank  667, thread   0, (affinity = 108,236) 
Node    5, rank  668, thread   0, (affinity = 112,240) 
Node    5, rank  669, thread   0, (affinity = 116,244) 
Node    5, rank  670, thread   0, (affinity = 120,248) 
Node    5, rank  671, thread   0, (affinity = 124,252) 
Node    5, rank  672, thread   0, (affinity = 1,129) 
Node    5, rank  673, thread   0, (affinity = 5,133) 
Node    5, rank  674, thread   0, (affinity = 9,137) 
Node    5, rank  675, thread   0, (affinity = 13,141) 
Node    5, rank  676, thread   0, (affinity = 17,145) 
Node    5, rank  677, thread   0, (affinity = 21,149) 
Node    5, rank  678, thread   0, (affinity = 25,153) 
Node    5, rank  679, thread   0, (affinity = 29,157) 
Node    5, rank  680, thread   0, (affinity = 33,161) 
Node    5, rank  681, thread   0, (affinity = 37,165) 
Node    5, rank  682, thread   0, (affinity = 41,169) 
Node    5, rank  683, thread   0, (affinity = 45,173) 
Node    5, rank  684, thread   0, (affinity = 49,177) 
Node    5, rank  685, thread   0, (affinity = 53,181) 
Node    5, rank  686, thread   0, (affinity = 57,185) 
Node    5, rank  687, thread   0, (affinity = 61,189) 
Node    5, rank  688, thread   0, (affinity = 65,193) 
Node    5, rank  689, thread   0, (affinity = 69,197) 
Node    5, rank  690, thread   0, (affinity = 73,201) 
Node    5, rank  691, thread   0, (affinity = 77,205) 
Node    5, rank  692, thread   0, (affinity = 81,209) 
Node    5, rank  693, thread   0, (affinity = 85,213) 
Node    5, rank  694, thread   0, (affinity = 89,217) 
Node    5, rank  695, thread   0, (affinity = 93,221) 
Node    5, rank  696, thread   0, (affinity = 97,225) 
Node    5, rank  697, thread   0, (affinity = 101,229) 
Node    5, rank  698, thread   0, (affinity = 105,233) 
Node    5, rank  699, thread   0, (affinity = 109,237) 
Node    5, rank  700, thread   0, (affinity = 113,241) 
Node    5, rank  701, thread   0, (affinity = 117,245) 
Node    5, rank  702, thread   0, (affinity = 121,249) 
Node    5, rank  703, thread   0, (affinity = 125,253) 
Node    5, rank  704, thread   0, (affinity = 2,130) 
Node    5, rank  705, thread   0, (affinity = 6,134) 
Node    5, rank  706, thread   0, (affinity = 10,138) 
Node    5, rank  707, thread   0, (affinity = 14,142) 
Node    5, rank  708, thread   0, (affinity = 18,146) 
Node    5, rank  709, thread   0, (affinity = 22,150) 
Node    5, rank  710, thread   0, (affinity = 26,154) 
Node    5, rank  711, thread   0, (affinity = 30,158) 
Node    5, rank  712, thread   0, (affinity = 34,162) 
Node    5, rank  713, thread   0, (affinity = 38,166) 
Node    5, rank  714, thread   0, (affinity = 42,170) 
Node    5, rank  715, thread   0, (affinity = 46,174) 
Node    5, rank  716, thread   0, (affinity = 50,178) 
Node    5, rank  717, thread   0, (affinity = 54,182) 
Node    5, rank  718, thread   0, (affinity = 58,186) 
Node    5, rank  719, thread   0, (affinity = 62,190) 
Node    5, rank  720, thread   0, (affinity = 66,194) 
Node    5, rank  721, thread   0, (affinity = 70,198) 
Node    5, rank  722, thread   0, (affinity = 74,202) 
Node    5, rank  723, thread   0, (affinity = 78,206) 
Node    5, rank  724, thread   0, (affinity = 82,210) 
Node    5, rank  725, thread   0, (affinity = 86,214) 
Node    5, rank  726, thread   0, (affinity = 90,218) 
Node    5, rank  727, thread   0, (affinity = 94,222) 
Node    5, rank  728, thread   0, (affinity = 98,226) 
Node    5, rank  729, thread   0, (affinity = 102,230) 
Node    5, rank  730, thread   0, (affinity = 106,234) 
Node    5, rank  731, thread   0, (affinity = 110,238) 
Node    5, rank  732, thread   0, (affinity = 114,242) 
Node    5, rank  733, thread   0, (affinity = 118,246) 
Node    5, rank  734, thread   0, (affinity = 122,250) 
Node    5, rank  735, thread   0, (affinity = 126,254) 
Node    5, rank  736, thread   0, (affinity = 3,131) 
Node    5, rank  737, thread   0, (affinity = 7,135) 
Node    5, rank  738, thread   0, (affinity = 11,139) 
Node    5, rank  739, thread   0, (affinity = 15,143) 
Node    5, rank  740, thread   0, (affinity = 19,147) 
Node    5, rank  741, thread   0, (affinity = 23,151) 
Node    5, rank  742, thread   0, (affinity = 27,155) 
Node    5, rank  743, thread   0, (affinity = 31,159) 
Node    5, rank  744, thread   0, (affinity = 35,163) 
Node    5, rank  745, thread   0, (affinity = 39,167) 
Node    5, rank  746, thread   0, (affinity = 43,171) 
Node    5, rank  747, thread   0, (affinity = 47,175) 
Node    5, rank  748, thread   0, (affinity = 51,179) 
Node    5, rank  749, thread   0, (affinity = 55,183) 
Node    5, rank  750, thread   0, (affinity = 59,187) 
Node    5, rank  751, thread   0, (affinity = 63,191) 
Node    5, rank  752, thread   0, (affinity = 67,195) 
Node    5, rank  753, thread   0, (affinity = 71,199) 
Node    5, rank  754, thread   0, (affinity = 75,203) 
Node    5, rank  755, thread   0, (affinity = 79,207) 
Node    5, rank  756, thread   0, (affinity = 83,211) 
Node    5, rank  757, thread   0, (affinity = 87,215) 
Node    5, rank  758, thread   0, (affinity = 91,219) 
Node    5, rank  759, thread   0, (affinity = 95,223) 
Node    5, rank  760, thread   0, (affinity = 99,227) 
Node    5, rank  761, thread   0, (affinity = 103,231) 
Node    5, rank  762, thread   0, (affinity = 107,235) 
Node    5, rank  763, thread   0, (affinity = 111,239) 
Node    5, rank  764, thread   0, (affinity = 115,243) 
Node    5, rank  765, thread   0, (affinity = 119,247) 
Node    5, rank  766, thread   0, (affinity = 123,251) 
Node    5, rank  767, thread   0, (affinity = 127,255) 
Node    6, rank  768, thread   0, (affinity = 0,128) 
Node    6, rank  769, thread   0, (affinity = 4,132) 
Node    6, rank  770, thread   0, (affinity = 8,136) 
Node    6, rank  771, thread   0, (affinity = 12,140) 
Node    6, rank  772, thread   0, (affinity = 16,144) 
Node    6, rank  773, thread   0, (affinity = 20,148) 
Node    6, rank  774, thread   0, (affinity = 24,152) 
Node    6, rank  775, thread   0, (affinity = 28,156) 
Node    6, rank  776, thread   0, (affinity = 32,160) 
Node    6, rank  777, thread   0, (affinity = 36,164) 
Node    6, rank  778, thread   0, (affinity = 40,168) 
Node    6, rank  779, thread   0, (affinity = 44,172) 
Node    6, rank  780, thread   0, (affinity = 48,176) 
Node    6, rank  781, thread   0, (affinity = 52,180) 
Node    6, rank  782, thread   0, (affinity = 56,184) 
Node    6, rank  783, thread   0, (affinity = 60,188) 
Node    6, rank  784, thread   0, (affinity = 64,192) 
Node    6, rank  785, thread   0, (affinity = 68,196) 
Node    6, rank  786, thread   0, (affinity = 72,200) 
Node    6, rank  787, thread   0, (affinity = 76,204) 
Node    6, rank  788, thread   0, (affinity = 80,208) 
Node    6, rank  789, thread   0, (affinity = 84,212) 
Node    6, rank  790, thread   0, (affinity = 88,216) 
Node    6, rank  791, thread   0, (affinity = 92,220) 
Node    6, rank  792, thread   0, (affinity = 96,224) 
Node    6, rank  793, thread   0, (affinity = 100,228) 
Node    6, rank  794, thread   0, (affinity = 104,232) 
Node    6, rank  795, thread   0, (affinity = 108,236) 
Node    6, rank  796, thread   0, (affinity = 112,240) 
Node    6, rank  797, thread   0, (affinity = 116,244) 
Node    6, rank  798, thread   0, (affinity = 120,248) 
Node    6, rank  799, thread   0, (affinity = 124,252) 
Node    6, rank  800, thread   0, (affinity = 1,129) 
Node    6, rank  801, thread   0, (affinity = 5,133) 
Node    6, rank  802, thread   0, (affinity = 9,137) 
Node    6, rank  803, thread   0, (affinity = 13,141) 
Node    6, rank  804, thread   0, (affinity = 17,145) 
Node    6, rank  805, thread   0, (affinity = 21,149) 
Node    6, rank  806, thread   0, (affinity = 25,153) 
Node    6, rank  807, thread   0, (affinity = 29,157) 
Node    6, rank  808, thread   0, (affinity = 33,161) 
Node    6, rank  809, thread   0, (affinity = 37,165) 
Node    6, rank  810, thread   0, (affinity = 41,169) 
Node    6, rank  811, thread   0, (affinity = 45,173) 
Node    6, rank  812, thread   0, (affinity = 49,177) 
Node    6, rank  813, thread   0, (affinity = 53,181) 
Node    6, rank  814, thread   0, (affinity = 57,185) 
Node    6, rank  815, thread   0, (affinity = 61,189) 
Node    6, rank  816, thread   0, (affinity = 65,193) 
Node    6, rank  817, thread   0, (affinity = 69,197) 
Node    6, rank  818, thread   0, (affinity = 73,201) 
Node    6, rank  819, thread   0, (affinity = 77,205) 
Node    6, rank  820, thread   0, (affinity = 81,209) 
Node    6, rank  821, thread   0, (affinity = 85,213) 
Node    6, rank  822, thread   0, (affinity = 89,217) 
Node    6, rank  823, thread   0, (affinity = 93,221) 
Node    6, rank  824, thread   0, (affinity = 97,225) 
Node    6, rank  825, thread   0, (affinity = 101,229) 
Node    6, rank  826, thread   0, (affinity = 105,233) 
Node    6, rank  827, thread   0, (affinity = 109,237) 
Node    6, rank  828, thread   0, (affinity = 113,241) 
Node    6, rank  829, thread   0, (affinity = 117,245) 
Node    6, rank  830, thread   0, (affinity = 121,249) 
Node    6, rank  831, thread   0, (affinity = 125,253) 
Node    6, rank  832, thread   0, (affinity = 2,130) 
Node    6, rank  833, thread   0, (affinity = 6,134) 
Node    6, rank  834, thread   0, (affinity = 10,138) 
Node    6, rank  835, thread   0, (affinity = 14,142) 
Node    6, rank  836, thread   0, (affinity = 18,146) 
Node    6, rank  837, thread   0, (affinity = 22,150) 
Node    6, rank  838, thread   0, (affinity = 26,154) 
Node    6, rank  839, thread   0, (affinity = 30,158) 
Node    6, rank  840, thread   0, (affinity = 34,162) 
Node    6, rank  841, thread   0, (affinity = 38,166) 
Node    6, rank  842, thread   0, (affinity = 42,170) 
Node    6, rank  843, thread   0, (affinity = 46,174) 
Node    6, rank  844, thread   0, (affinity = 50,178) 
Node    6, rank  845, thread   0, (affinity = 54,182) 
Node    6, rank  846, thread   0, (affinity = 58,186) 
Node    6, rank  847, thread   0, (affinity = 62,190) 
Node    6, rank  848, thread   0, (affinity = 66,194) 
Node    6, rank  849, thread   0, (affinity = 70,198) 
Node    6, rank  850, thread   0, (affinity = 74,202) 
Node    6, rank  851, thread   0, (affinity = 78,206) 
Node    6, rank  852, thread   0, (affinity = 82,210) 
Node    6, rank  853, thread   0, (affinity = 86,214) 
Node    6, rank  854, thread   0, (affinity = 90,218) 
Node    6, rank  855, thread   0, (affinity = 94,222) 
Node    6, rank  856, thread   0, (affinity = 98,226) 
Node    6, rank  857, thread   0, (affinity = 102,230) 
Node    6, rank  858, thread   0, (affinity = 106,234) 
Node    6, rank  859, thread   0, (affinity = 110,238) 
Node    6, rank  860, thread   0, (affinity = 114,242) 
Node    6, rank  861, thread   0, (affinity = 118,246) 
Node    6, rank  862, thread   0, (affinity = 122,250) 
Node    6, rank  863, thread   0, (affinity = 126,254) 
Node    6, rank  864, thread   0, (affinity = 3,131) 
Node    6, rank  865, thread   0, (affinity = 7,135) 
Node    6, rank  866, thread   0, (affinity = 11,139) 
Node    6, rank  867, thread   0, (affinity = 15,143) 
Node    6, rank  868, thread   0, (affinity = 19,147) 
Node    6, rank  869, thread   0, (affinity = 23,151) 
Node    6, rank  870, thread   0, (affinity = 27,155) 
Node    6, rank  871, thread   0, (affinity = 31,159) 
Node    6, rank  872, thread   0, (affinity = 35,163) 
Node    6, rank  873, thread   0, (affinity = 39,167) 
Node    6, rank  874, thread   0, (affinity = 43,171) 
Node    6, rank  875, thread   0, (affinity = 47,175) 
Node    6, rank  876, thread   0, (affinity = 51,179) 
Node    6, rank  877, thread   0, (affinity = 55,183) 
Node    6, rank  878, thread   0, (affinity = 59,187) 
Node    6, rank  879, thread   0, (affinity = 63,191) 
Node    6, rank  880, thread   0, (affinity = 67,195) 
Node    6, rank  881, thread   0, (affinity = 71,199) 
Node    6, rank  882, thread   0, (affinity = 75,203) 
Node    6, rank  883, thread   0, (affinity = 79,207) 
Node    6, rank  884, thread   0, (affinity = 83,211) 
Node    6, rank  885, thread   0, (affinity = 87,215) 
Node    6, rank  886, thread   0, (affinity = 91,219) 
Node    6, rank  887, thread   0, (affinity = 95,223) 
Node    6, rank  888, thread   0, (affinity = 99,227) 
Node    6, rank  889, thread   0, (affinity = 103,231) 
Node    6, rank  890, thread   0, (affinity = 107,235) 
Node    6, rank  891, thread   0, (affinity = 111,239) 
Node    6, rank  892, thread   0, (affinity = 115,243) 
Node    6, rank  893, thread   0, (affinity = 119,247) 
Node    6, rank  894, thread   0, (affinity = 123,251) 
Node    6, rank  895, thread   0, (affinity = 127,255) 
Node    7, rank  896, thread   0, (affinity = 0,128) 
Node    7, rank  897, thread   0, (affinity = 4,132) 
Node    7, rank  898, thread   0, (affinity = 8,136) 
Node    7, rank  899, thread   0, (affinity = 12,140) 
Node    7, rank  900, thread   0, (affinity = 16,144) 
Node    7, rank  901, thread   0, (affinity = 20,148) 
Node    7, rank  902, thread   0, (affinity = 24,152) 
Node    7, rank  903, thread   0, (affinity = 28,156) 
Node    7, rank  904, thread   0, (affinity = 32,160) 
Node    7, rank  905, thread   0, (affinity = 36,164) 
Node    7, rank  906, thread   0, (affinity = 40,168) 
Node    7, rank  907, thread   0, (affinity = 44,172) 
Node    7, rank  908, thread   0, (affinity = 48,176) 
Node    7, rank  909, thread   0, (affinity = 52,180) 
Node    7, rank  910, thread   0, (affinity = 56,184) 
Node    7, rank  911, thread   0, (affinity = 60,188) 
Node    7, rank  912, thread   0, (affinity = 64,192) 
Node    7, rank  913, thread   0, (affinity = 68,196) 
Node    7, rank  914, thread   0, (affinity = 72,200) 
Node    7, rank  915, thread   0, (affinity = 76,204) 
Node    7, rank  916, thread   0, (affinity = 80,208) 
Node    7, rank  917, thread   0, (affinity = 84,212) 
Node    7, rank  918, thread   0, (affinity = 88,216) 
Node    7, rank  919, thread   0, (affinity = 92,220) 
Node    7, rank  920, thread   0, (affinity = 96,224) 
Node    7, rank  921, thread   0, (affinity = 100,228) 
Node    7, rank  922, thread   0, (affinity = 104,232) 
Node    7, rank  923, thread   0, (affinity = 108,236) 
Node    7, rank  924, thread   0, (affinity = 112,240) 
Node    7, rank  925, thread   0, (affinity = 116,244) 
Node    7, rank  926, thread   0, (affinity = 120,248) 
Node    7, rank  927, thread   0, (affinity = 124,252) 
Node    7, rank  928, thread   0, (affinity = 1,129) 
Node    7, rank  929, thread   0, (affinity = 5,133) 
Node    7, rank  930, thread   0, (affinity = 9,137) 
Node    7, rank  931, thread   0, (affinity = 13,141) 
Node    7, rank  932, thread   0, (affinity = 17,145) 
Node    7, rank  933, thread   0, (affinity = 21,149) 
Node    7, rank  934, thread   0, (affinity = 25,153) 
Node    7, rank  935, thread   0, (affinity = 29,157) 
Node    7, rank  936, thread   0, (affinity = 33,161) 
Node    7, rank  937, thread   0, (affinity = 37,165) 
Node    7, rank  938, thread   0, (affinity = 41,169) 
Node    7, rank  939, thread   0, (affinity = 45,173) 
Node    7, rank  940, thread   0, (affinity = 49,177) 
Node    7, rank  941, thread   0, (affinity = 53,181) 
Node    7, rank  942, thread   0, (affinity = 57,185) 
Node    7, rank  943, thread   0, (affinity = 61,189) 
Node    7, rank  944, thread   0, (affinity = 65,193) 
Node    7, rank  945, thread   0, (affinity = 69,197) 
Node    7, rank  946, thread   0, (affinity = 73,201) 
Node    7, rank  947, thread   0, (affinity = 77,205) 
Node    7, rank  948, thread   0, (affinity = 81,209) 
Node    7, rank  949, thread   0, (affinity = 85,213) 
Node    7, rank  950, thread   0, (affinity = 89,217) 
Node    7, rank  951, thread   0, (affinity = 93,221) 
Node    7, rank  952, thread   0, (affinity = 97,225) 
Node    7, rank  953, thread   0, (affinity = 101,229) 
Node    7, rank  954, thread   0, (affinity = 105,233) 
Node    7, rank  955, thread   0, (affinity = 109,237) 
Node    7, rank  956, thread   0, (affinity = 113,241) 
Node    7, rank  957, thread   0, (affinity = 117,245) 
Node    7, rank  958, thread   0, (affinity = 121,249) 
Node    7, rank  959, thread   0, (affinity = 125,253) 
Node    7, rank  960, thread   0, (affinity = 2,130) 
Node    7, rank  961, thread   0, (affinity = 6,134) 
Node    7, rank  962, thread   0, (affinity = 10,138) 
Node    7, rank  963, thread   0, (affinity = 14,142) 
Node    7, rank  964, thread   0, (affinity = 18,146) 
Node    7, rank  965, thread   0, (affinity = 22,150) 
Node    7, rank  966, thread   0, (affinity = 26,154) 
Node    7, rank  967, thread   0, (affinity = 30,158) 
Node    7, rank  968, thread   0, (affinity = 34,162) 
Node    7, rank  969, thread   0, (affinity = 38,166) 
Node    7, rank  970, thread   0, (affinity = 42,170) 
Node    7, rank  971, thread   0, (affinity = 46,174) 
Node    7, rank  972, thread   0, (affinity = 50,178) 
Node    7, rank  973, thread   0, (affinity = 54,182) 
Node    7, rank  974, thread   0, (affinity = 58,186) 
Node    7, rank  975, thread   0, (affinity = 62,190) 
Node    7, rank  976, thread   0, (affinity = 66,194) 
Node    7, rank  977, thread   0, (affinity = 70,198) 
Node    7, rank  978, thread   0, (affinity = 74,202) 
Node    7, rank  979, thread   0, (affinity = 78,206) 
Node    7, rank  980, thread   0, (affinity = 82,210) 
Node    7, rank  981, thread   0, (affinity = 86,214) 
Node    7, rank  982, thread   0, (affinity = 90,218) 
Node    7, rank  983, thread   0, (affinity = 94,222) 
Node    7, rank  984, thread   0, (affinity = 98,226) 
Node    7, rank  985, thread   0, (affinity = 102,230) 
Node    7, rank  986, thread   0, (affinity = 106,234) 
Node    7, rank  987, thread   0, (affinity = 110,238) 
Node    7, rank  988, thread   0, (affinity = 114,242) 
Node    7, rank  989, thread   0, (affinity = 118,246) 
Node    7, rank  990, thread   0, (affinity = 122,250) 
Node    7, rank  991, thread   0, (affinity = 126,254) 
Node    7, rank  992, thread   0, (affinity = 3,131) 
Node    7, rank  993, thread   0, (affinity = 7,135) 
Node    7, rank  994, thread   0, (affinity = 11,139) 
Node    7, rank  995, thread   0, (affinity = 15,143) 
Node    7, rank  996, thread   0, (affinity = 19,147) 
Node    7, rank  997, thread   0, (affinity = 23,151) 
Node    7, rank  998, thread   0, (affinity = 27,155) 
Node    7, rank  999, thread   0, (affinity = 31,159) 
Node    7, rank 1000, thread   0, (affinity = 35,163) 
Node    7, rank 1001, thread   0, (affinity = 39,167) 
Node    7, rank 1002, thread   0, (affinity = 43,171) 
Node    7, rank 1003, thread   0, (affinity = 47,175) 
Node    7, rank 1004, thread   0, (affinity = 51,179) 
Node    7, rank 1005, thread   0, (affinity = 55,183) 
Node    7, rank 1006, thread   0, (affinity = 59,187) 
Node    7, rank 1007, thread   0, (affinity = 63,191) 
Node    7, rank 1008, thread   0, (affinity = 67,195) 
Node    7, rank 1009, thread   0, (affinity = 71,199) 
Node    7, rank 1010, thread   0, (affinity = 75,203) 
Node    7, rank 1011, thread   0, (affinity = 79,207) 
Node    7, rank 1012, thread   0, (affinity = 83,211) 
Node    7, rank 1013, thread   0, (affinity = 87,215) 
Node    7, rank 1014, thread   0, (affinity = 91,219) 
Node    7, rank 1015, thread   0, (affinity = 95,223) 
Node    7, rank 1016, thread   0, (affinity = 99,227) 
Node    7, rank 1017, thread   0, (affinity = 103,231) 
Node    7, rank 1018, thread   0, (affinity = 107,235) 
Node    7, rank 1019, thread   0, (affinity = 111,239) 
Node    7, rank 1020, thread   0, (affinity = 115,243) 
Node    7, rank 1021, thread   0, (affinity = 119,247) 
Node    7, rank 1022, thread   0, (affinity = 123,251) 
Node    7, rank 1023, thread   0, (affinity = 127,255) 
 Found float attribute 'standard_gravity'.
 Found float attribute 'latent_heat_of_vaporization'.
 Found float attribute 'specific_heat'.
 Found float attribute 'temperature_at_sea_level'.
 Found float attribute 'planetary_angular_velocity'.
 Found float attribute 'saturation_specific_humidity_at_ground_level'.
 WARNING: Using default value of 'planetary_vorticity'.
 Found float attribute 'latitude_degrees'.
 Found float attribute 'scale_height'.
 Found character attribute 'ape_calculation'.
 APE calculation using APE density function.
 WARNING: You allow the gridded vertical vorticity component
          at the boundaries to develop non-zero values.
          Stop your simulation if this is not your intention.
|------------------------------------------------------------------------------------------|
|            Function            | #Calls  |  % of  |  Min time  | Mean time  |  Max time  |
|              name              |         |  time  | in minutes | in minutes | in minutes |
|------------------------------------------------------------------------------------------|
|epic                            |        1| 100.00%|  157602.740|  157602.750|  157602.889|
|parcel container resize         |        0|   0.00%|       0.000|       0.000|       0.000|
|par2grid                        |    43686|  23.90%|   37140.517|   37663.133|   38064.806|
|grid2par                        |    43686|  36.96%|   56712.749|   58244.595|   60360.072|
|parcel split                    |     8737|   2.85%|    4435.559|    4495.012|    4630.221|
|parcel merge                    |     8737|   0.52%|     796.864|     816.946|     842.174|
|laplace correction              |    17474|   6.55%|   10134.748|   10317.513|   10453.710|
|gradient correction             |    17474|   2.06%|    3180.846|    3248.339|    3309.969|
|net vorticity correction        |     8739|   0.26%|     378.702|     402.879|     434.448|
|parcel initialisation           |        1|   0.00%|       0.042|       0.050|       0.067|
|parcel diagnostics              |     8738|   3.05%|    4722.128|    4812.202|    5282.526|
|parcel I/O                      |        2|   0.20%|     311.750|     311.757|     311.784|
|parcel diagnostics I/O          |      100|   0.00%|       0.000|       0.002|       2.455|
|field I/O                       |      100|   0.36%|     554.675|     561.451|     564.601|
|field diagnostics               |     8738|   0.02%|      23.823|      33.478|      47.802|
|field diagnostics I/O           |      100|   0.00%|       0.000|       0.002|       1.551|
|vor2vel                         |    43686|   6.49%|    9899.318|   10227.287|   10837.053|
|vorticity tendency              |    43686|   3.64%|    5712.955|    5731.019|    5746.334|
|parcel push                     |     8737|  30.07%|   45496.848|   47397.468|   48378.730|
|merge nearest                   |     8737|   2.74%|    4184.442|    4318.165|    4474.286|
|merge tree resolve              |     8737|   1.95%|    3002.923|    3068.394|    3157.043|
|p2g/v2g halo (non-excl.)        |    78634|   1.06%|     705.401|    1669.776|    2518.593|
|------------------------------------------------------------------------------------------|
