
Lmod is automatically replacing "cce/15.0.0" with "gcc/11.2.0".


Lmod is automatically replacing "PrgEnv-cray/8.3.3" with "PrgEnv-gnu/8.3.3".


Due to MODULEPATH changes, the following have been reloaded:
  1) cray-mpich/8.1.23

Node summary for    2 nodes:
Node    0, hostname nid004615, mpi 128, omp   1, executable xthi_mpi_mp
Node    1, hostname nid004708, mpi 128, omp   1, executable xthi_mpi_mp
MPI summary: 256 ranks 
Node    0, rank    0, thread   0, (affinity = 0,128) 
Node    0, rank    1, thread   0, (affinity = 4,132) 
Node    0, rank    2, thread   0, (affinity = 8,136) 
Node    0, rank    3, thread   0, (affinity = 12,140) 
Node    0, rank    4, thread   0, (affinity = 16,144) 
Node    0, rank    5, thread   0, (affinity = 20,148) 
Node    0, rank    6, thread   0, (affinity = 24,152) 
Node    0, rank    7, thread   0, (affinity = 28,156) 
Node    0, rank    8, thread   0, (affinity = 32,160) 
Node    0, rank    9, thread   0, (affinity = 36,164) 
Node    0, rank   10, thread   0, (affinity = 40,168) 
Node    0, rank   11, thread   0, (affinity = 44,172) 
Node    0, rank   12, thread   0, (affinity = 48,176) 
Node    0, rank   13, thread   0, (affinity = 52,180) 
Node    0, rank   14, thread   0, (affinity = 56,184) 
Node    0, rank   15, thread   0, (affinity = 60,188) 
Node    0, rank   16, thread   0, (affinity = 64,192) 
Node    0, rank   17, thread   0, (affinity = 68,196) 
Node    0, rank   18, thread   0, (affinity = 72,200) 
Node    0, rank   19, thread   0, (affinity = 76,204) 
Node    0, rank   20, thread   0, (affinity = 80,208) 
Node    0, rank   21, thread   0, (affinity = 84,212) 
Node    0, rank   22, thread   0, (affinity = 88,216) 
Node    0, rank   23, thread   0, (affinity = 92,220) 
Node    0, rank   24, thread   0, (affinity = 96,224) 
Node    0, rank   25, thread   0, (affinity = 100,228) 
Node    0, rank   26, thread   0, (affinity = 104,232) 
Node    0, rank   27, thread   0, (affinity = 108,236) 
Node    0, rank   28, thread   0, (affinity = 112,240) 
Node    0, rank   29, thread   0, (affinity = 116,244) 
Node    0, rank   30, thread   0, (affinity = 120,248) 
Node    0, rank   31, thread   0, (affinity = 124,252) 
Node    0, rank   32, thread   0, (affinity = 1,129) 
Node    0, rank   33, thread   0, (affinity = 5,133) 
Node    0, rank   34, thread   0, (affinity = 9,137) 
Node    0, rank   35, thread   0, (affinity = 13,141) 
Node    0, rank   36, thread   0, (affinity = 17,145) 
Node    0, rank   37, thread   0, (affinity = 21,149) 
Node    0, rank   38, thread   0, (affinity = 25,153) 
Node    0, rank   39, thread   0, (affinity = 29,157) 
Node    0, rank   40, thread   0, (affinity = 33,161) 
Node    0, rank   41, thread   0, (affinity = 37,165) 
Node    0, rank   42, thread   0, (affinity = 41,169) 
Node    0, rank   43, thread   0, (affinity = 45,173) 
Node    0, rank   44, thread   0, (affinity = 49,177) 
Node    0, rank   45, thread   0, (affinity = 53,181) 
Node    0, rank   46, thread   0, (affinity = 57,185) 
Node    0, rank   47, thread   0, (affinity = 61,189) 
Node    0, rank   48, thread   0, (affinity = 65,193) 
Node    0, rank   49, thread   0, (affinity = 69,197) 
Node    0, rank   50, thread   0, (affinity = 73,201) 
Node    0, rank   51, thread   0, (affinity = 77,205) 
Node    0, rank   52, thread   0, (affinity = 81,209) 
Node    0, rank   53, thread   0, (affinity = 85,213) 
Node    0, rank   54, thread   0, (affinity = 89,217) 
Node    0, rank   55, thread   0, (affinity = 93,221) 
Node    0, rank   56, thread   0, (affinity = 97,225) 
Node    0, rank   57, thread   0, (affinity = 101,229) 
Node    0, rank   58, thread   0, (affinity = 105,233) 
Node    0, rank   59, thread   0, (affinity = 109,237) 
Node    0, rank   60, thread   0, (affinity = 113,241) 
Node    0, rank   61, thread   0, (affinity = 117,245) 
Node    0, rank   62, thread   0, (affinity = 121,249) 
Node    0, rank   63, thread   0, (affinity = 125,253) 
Node    0, rank   64, thread   0, (affinity = 2,130) 
Node    0, rank   65, thread   0, (affinity = 6,134) 
Node    0, rank   66, thread   0, (affinity = 10,138) 
Node    0, rank   67, thread   0, (affinity = 14,142) 
Node    0, rank   68, thread   0, (affinity = 18,146) 
Node    0, rank   69, thread   0, (affinity = 22,150) 
Node    0, rank   70, thread   0, (affinity = 26,154) 
Node    0, rank   71, thread   0, (affinity = 30,158) 
Node    0, rank   72, thread   0, (affinity = 34,162) 
Node    0, rank   73, thread   0, (affinity = 38,166) 
Node    0, rank   74, thread   0, (affinity = 42,170) 
Node    0, rank   75, thread   0, (affinity = 46,174) 
Node    0, rank   76, thread   0, (affinity = 50,178) 
Node    0, rank   77, thread   0, (affinity = 54,182) 
Node    0, rank   78, thread   0, (affinity = 58,186) 
Node    0, rank   79, thread   0, (affinity = 62,190) 
Node    0, rank   80, thread   0, (affinity = 66,194) 
Node    0, rank   81, thread   0, (affinity = 70,198) 
Node    0, rank   82, thread   0, (affinity = 74,202) 
Node    0, rank   83, thread   0, (affinity = 78,206) 
Node    0, rank   84, thread   0, (affinity = 82,210) 
Node    0, rank   85, thread   0, (affinity = 86,214) 
Node    0, rank   86, thread   0, (affinity = 90,218) 
Node    0, rank   87, thread   0, (affinity = 94,222) 
Node    0, rank   88, thread   0, (affinity = 98,226) 
Node    0, rank   89, thread   0, (affinity = 102,230) 
Node    0, rank   90, thread   0, (affinity = 106,234) 
Node    0, rank   91, thread   0, (affinity = 110,238) 
Node    0, rank   92, thread   0, (affinity = 114,242) 
Node    0, rank   93, thread   0, (affinity = 118,246) 
Node    0, rank   94, thread   0, (affinity = 122,250) 
Node    0, rank   95, thread   0, (affinity = 126,254) 
Node    0, rank   96, thread   0, (affinity = 3,131) 
Node    0, rank   97, thread   0, (affinity = 7,135) 
Node    0, rank   98, thread   0, (affinity = 11,139) 
Node    0, rank   99, thread   0, (affinity = 15,143) 
Node    0, rank  100, thread   0, (affinity = 19,147) 
Node    0, rank  101, thread   0, (affinity = 23,151) 
Node    0, rank  102, thread   0, (affinity = 27,155) 
Node    0, rank  103, thread   0, (affinity = 31,159) 
Node    0, rank  104, thread   0, (affinity = 35,163) 
Node    0, rank  105, thread   0, (affinity = 39,167) 
Node    0, rank  106, thread   0, (affinity = 43,171) 
Node    0, rank  107, thread   0, (affinity = 47,175) 
Node    0, rank  108, thread   0, (affinity = 51,179) 
Node    0, rank  109, thread   0, (affinity = 55,183) 
Node    0, rank  110, thread   0, (affinity = 59,187) 
Node    0, rank  111, thread   0, (affinity = 63,191) 
Node    0, rank  112, thread   0, (affinity = 67,195) 
Node    0, rank  113, thread   0, (affinity = 71,199) 
Node    0, rank  114, thread   0, (affinity = 75,203) 
Node    0, rank  115, thread   0, (affinity = 79,207) 
Node    0, rank  116, thread   0, (affinity = 83,211) 
Node    0, rank  117, thread   0, (affinity = 87,215) 
Node    0, rank  118, thread   0, (affinity = 91,219) 
Node    0, rank  119, thread   0, (affinity = 95,223) 
Node    0, rank  120, thread   0, (affinity = 99,227) 
Node    0, rank  121, thread   0, (affinity = 103,231) 
Node    0, rank  122, thread   0, (affinity = 107,235) 
Node    0, rank  123, thread   0, (affinity = 111,239) 
Node    0, rank  124, thread   0, (affinity = 115,243) 
Node    0, rank  125, thread   0, (affinity = 119,247) 
Node    0, rank  126, thread   0, (affinity = 123,251) 
Node    0, rank  127, thread   0, (affinity = 127,255) 
Node    1, rank  128, thread   0, (affinity = 0,128) 
Node    1, rank  129, thread   0, (affinity = 4,132) 
Node    1, rank  130, thread   0, (affinity = 8,136) 
Node    1, rank  131, thread   0, (affinity = 12,140) 
Node    1, rank  132, thread   0, (affinity = 16,144) 
Node    1, rank  133, thread   0, (affinity = 20,148) 
Node    1, rank  134, thread   0, (affinity = 24,152) 
Node    1, rank  135, thread   0, (affinity = 28,156) 
Node    1, rank  136, thread   0, (affinity = 32,160) 
Node    1, rank  137, thread   0, (affinity = 36,164) 
Node    1, rank  138, thread   0, (affinity = 40,168) 
Node    1, rank  139, thread   0, (affinity = 44,172) 
Node    1, rank  140, thread   0, (affinity = 48,176) 
Node    1, rank  141, thread   0, (affinity = 52,180) 
Node    1, rank  142, thread   0, (affinity = 56,184) 
Node    1, rank  143, thread   0, (affinity = 60,188) 
Node    1, rank  144, thread   0, (affinity = 64,192) 
Node    1, rank  145, thread   0, (affinity = 68,196) 
Node    1, rank  146, thread   0, (affinity = 72,200) 
Node    1, rank  147, thread   0, (affinity = 76,204) 
Node    1, rank  148, thread   0, (affinity = 80,208) 
Node    1, rank  149, thread   0, (affinity = 84,212) 
Node    1, rank  150, thread   0, (affinity = 88,216) 
Node    1, rank  151, thread   0, (affinity = 92,220) 
Node    1, rank  152, thread   0, (affinity = 96,224) 
Node    1, rank  153, thread   0, (affinity = 100,228) 
Node    1, rank  154, thread   0, (affinity = 104,232) 
Node    1, rank  155, thread   0, (affinity = 108,236) 
Node    1, rank  156, thread   0, (affinity = 112,240) 
Node    1, rank  157, thread   0, (affinity = 116,244) 
Node    1, rank  158, thread   0, (affinity = 120,248) 
Node    1, rank  159, thread   0, (affinity = 124,252) 
Node    1, rank  160, thread   0, (affinity = 1,129) 
Node    1, rank  161, thread   0, (affinity = 5,133) 
Node    1, rank  162, thread   0, (affinity = 9,137) 
Node    1, rank  163, thread   0, (affinity = 13,141) 
Node    1, rank  164, thread   0, (affinity = 17,145) 
Node    1, rank  165, thread   0, (affinity = 21,149) 
Node    1, rank  166, thread   0, (affinity = 25,153) 
Node    1, rank  167, thread   0, (affinity = 29,157) 
Node    1, rank  168, thread   0, (affinity = 33,161) 
Node    1, rank  169, thread   0, (affinity = 37,165) 
Node    1, rank  170, thread   0, (affinity = 41,169) 
Node    1, rank  171, thread   0, (affinity = 45,173) 
Node    1, rank  172, thread   0, (affinity = 49,177) 
Node    1, rank  173, thread   0, (affinity = 53,181) 
Node    1, rank  174, thread   0, (affinity = 57,185) 
Node    1, rank  175, thread   0, (affinity = 61,189) 
Node    1, rank  176, thread   0, (affinity = 65,193) 
Node    1, rank  177, thread   0, (affinity = 69,197) 
Node    1, rank  178, thread   0, (affinity = 73,201) 
Node    1, rank  179, thread   0, (affinity = 77,205) 
Node    1, rank  180, thread   0, (affinity = 81,209) 
Node    1, rank  181, thread   0, (affinity = 85,213) 
Node    1, rank  182, thread   0, (affinity = 89,217) 
Node    1, rank  183, thread   0, (affinity = 93,221) 
Node    1, rank  184, thread   0, (affinity = 97,225) 
Node    1, rank  185, thread   0, (affinity = 101,229) 
Node    1, rank  186, thread   0, (affinity = 105,233) 
Node    1, rank  187, thread   0, (affinity = 109,237) 
Node    1, rank  188, thread   0, (affinity = 113,241) 
Node    1, rank  189, thread   0, (affinity = 117,245) 
Node    1, rank  190, thread   0, (affinity = 121,249) 
Node    1, rank  191, thread   0, (affinity = 125,253) 
Node    1, rank  192, thread   0, (affinity = 2,130) 
Node    1, rank  193, thread   0, (affinity = 6,134) 
Node    1, rank  194, thread   0, (affinity = 10,138) 
Node    1, rank  195, thread   0, (affinity = 14,142) 
Node    1, rank  196, thread   0, (affinity = 18,146) 
Node    1, rank  197, thread   0, (affinity = 22,150) 
Node    1, rank  198, thread   0, (affinity = 26,154) 
Node    1, rank  199, thread   0, (affinity = 30,158) 
Node    1, rank  200, thread   0, (affinity = 34,162) 
Node    1, rank  201, thread   0, (affinity = 38,166) 
Node    1, rank  202, thread   0, (affinity = 42,170) 
Node    1, rank  203, thread   0, (affinity = 46,174) 
Node    1, rank  204, thread   0, (affinity = 50,178) 
Node    1, rank  205, thread   0, (affinity = 54,182) 
Node    1, rank  206, thread   0, (affinity = 58,186) 
Node    1, rank  207, thread   0, (affinity = 62,190) 
Node    1, rank  208, thread   0, (affinity = 66,194) 
Node    1, rank  209, thread   0, (affinity = 70,198) 
Node    1, rank  210, thread   0, (affinity = 74,202) 
Node    1, rank  211, thread   0, (affinity = 78,206) 
Node    1, rank  212, thread   0, (affinity = 82,210) 
Node    1, rank  213, thread   0, (affinity = 86,214) 
Node    1, rank  214, thread   0, (affinity = 90,218) 
Node    1, rank  215, thread   0, (affinity = 94,222) 
Node    1, rank  216, thread   0, (affinity = 98,226) 
Node    1, rank  217, thread   0, (affinity = 102,230) 
Node    1, rank  218, thread   0, (affinity = 106,234) 
Node    1, rank  219, thread   0, (affinity = 110,238) 
Node    1, rank  220, thread   0, (affinity = 114,242) 
Node    1, rank  221, thread   0, (affinity = 118,246) 
Node    1, rank  222, thread   0, (affinity = 122,250) 
Node    1, rank  223, thread   0, (affinity = 126,254) 
Node    1, rank  224, thread   0, (affinity = 3,131) 
Node    1, rank  225, thread   0, (affinity = 7,135) 
Node    1, rank  226, thread   0, (affinity = 11,139) 
Node    1, rank  227, thread   0, (affinity = 15,143) 
Node    1, rank  228, thread   0, (affinity = 19,147) 
Node    1, rank  229, thread   0, (affinity = 23,151) 
Node    1, rank  230, thread   0, (affinity = 27,155) 
Node    1, rank  231, thread   0, (affinity = 31,159) 
Node    1, rank  232, thread   0, (affinity = 35,163) 
Node    1, rank  233, thread   0, (affinity = 39,167) 
Node    1, rank  234, thread   0, (affinity = 43,171) 
Node    1, rank  235, thread   0, (affinity = 47,175) 
Node    1, rank  236, thread   0, (affinity = 51,179) 
Node    1, rank  237, thread   0, (affinity = 55,183) 
Node    1, rank  238, thread   0, (affinity = 59,187) 
Node    1, rank  239, thread   0, (affinity = 63,191) 
Node    1, rank  240, thread   0, (affinity = 67,195) 
Node    1, rank  241, thread   0, (affinity = 71,199) 
Node    1, rank  242, thread   0, (affinity = 75,203) 
Node    1, rank  243, thread   0, (affinity = 79,207) 
Node    1, rank  244, thread   0, (affinity = 83,211) 
Node    1, rank  245, thread   0, (affinity = 87,215) 
Node    1, rank  246, thread   0, (affinity = 91,219) 
Node    1, rank  247, thread   0, (affinity = 95,223) 
Node    1, rank  248, thread   0, (affinity = 99,227) 
Node    1, rank  249, thread   0, (affinity = 103,231) 
Node    1, rank  250, thread   0, (affinity = 107,235) 
Node    1, rank  251, thread   0, (affinity = 111,239) 
Node    1, rank  252, thread   0, (affinity = 115,243) 
Node    1, rank  253, thread   0, (affinity = 119,247) 
Node    1, rank  254, thread   0, (affinity = 123,251) 
Node    1, rank  255, thread   0, (affinity = 127,255) 
 WARNING: Using default value of 'standard_gravity'.
 WARNING: Using default value of 'latent_heat_of_vaporization'.
 WARNING: Using default value of 'specific_heat'.
 WARNING: Using default value of 'temperature_at_sea_level'.
 Found float attribute 'planetary_angular_velocity'.
 WARNING: Using default value of 'saturation_specific_humidity_at_ground_level'.
 Found boolean attribute 'planetary_vorticity'.
 Found float attribute 'latitude_degrees'.
 WARNING: Using default value of 'scale_height'.
 Found character attribute 'ape_calculation'.
 APE calculation using APE density function.
 WARNING: You allow the gridded vertical vorticity component
          at the boundaries to develop non-zero values.
          Stop your simulation if this is not your intention.
 WARNING: You allow the gridded vertical vorticity component
          at the boundaries to develop non-zero values.
          Stop your simulation if this is not your intention.
 WARNING: This simulation will not ensure that the gridded vertical
          vorticity component is zero at the lower boundary.
 WARNING: This simulation will not ensure that the gridded vertical
          vorticity component is zero at the upper boundary.
|------------------------------------------------------------------------------------------|
|            Function            | #Calls  |  % of  |  Min time  | Mean time  |  Max time  |
|              name              |         |  time  | in seconds | in seconds | in seconds |
|------------------------------------------------------------------------------------------|
|epic                            |        1| 100.00%|    2525.510|    2525.512|    2525.519|
|parcel container resize         |        0|   0.00%|       0.000|       0.000|       0.000|
|par2grid                        |    11441|  18.93%|     471.259|     477.989|     485.728|
|grid2par                        |    11441|  24.09%|     597.488|     608.328|     625.485|
|parcel split                    |     2288|   2.26%|      56.518|      57.158|      57.865|
|parcel merge                    |     2288|   0.30%|       7.283|       7.659|       7.990|
|laplace correction              |     4576|   5.51%|     138.171|     139.277|     141.223|
|gradient correction             |     4576|   1.65%|      40.277|      41.657|      42.435|
|net vorticity correction        |     2290|   0.09%|       1.914|       2.199|       2.636|
|parcel initialisation           |        2|   0.00%|       0.012|       0.052|       0.097|
|parcel diagnostics              |     2289|   2.43%|      60.044|      61.367|      68.415|
|parcel I/O                      |        0|   0.00%|       0.000|       0.000|       0.000|
|parcel diagnostics I/O          |     1001|   0.00%|       0.000|       0.050|      12.682|
|field I/O                       |     1001|  20.76%|     517.776|     524.363|     525.968|
|field diagnostics               |     2289|   0.05%|       1.050|       1.269|       3.022|
|field diagnostics I/O           |     1001|   0.00%|       0.000|       0.022|       5.592|
|vor2vel                         |    11441|   9.83%|     241.420|     248.186|     254.935|
|vorticity tendency              |    11441|   5.21%|     131.021|     131.700|     132.279|
|parcel push                     |     2288|  23.53%|     569.717|     594.341|     603.890|
|merge nearest                   |     2288|   0.72%|      17.444|      18.294|      19.049|
|merge tree resolve              |     2275|   1.53%|      38.242|      38.668|      39.263|
|p2g/v2g halo (non-excl.)        |    20593|   1.64%|      30.736|      41.413|      53.730|
|------------------------------------------------------------------------------------------|
srun: Job 4096751 step creation temporarily disabled, retrying (Requested nodes are busy)
srun: Step created for job 4096751
 WARNING: Using default value of 'standard_gravity'.
 WARNING: Using default value of 'latent_heat_of_vaporization'.
 WARNING: Using default value of 'specific_heat'.
 WARNING: Using default value of 'temperature_at_sea_level'.
 Found float attribute 'planetary_angular_velocity'.
 WARNING: Using default value of 'saturation_specific_humidity_at_ground_level'.
 Found boolean attribute 'planetary_vorticity'.
 Found float attribute 'latitude_degrees'.
 WARNING: Using default value of 'scale_height'.
 Found character attribute 'ape_calculation'.
 APE calculation using APE density function.
 WARNING: You allow the gridded vertical vorticity component
          at the boundaries to develop non-zero values.
          Stop your simulation if this is not your intention.
 WARNING: You allow the gridded vertical vorticity component
          at the boundaries to develop non-zero values.
          Stop your simulation if this is not your intention.
 WARNING: This simulation will not ensure that the gridded vertical
          vorticity component is zero at the lower boundary.
 WARNING: This simulation will not ensure that the gridded vertical
          vorticity component is zero at the upper boundary.
|------------------------------------------------------------------------------------------|
|            Function            | #Calls  |  % of  |  Min time  | Mean time  |  Max time  |
|              name              |         |  time  | in seconds | in seconds | in seconds |
|------------------------------------------------------------------------------------------|
|epic                            |        1| 100.00%|    3335.110|    3335.112|    3335.114|
|parcel container resize         |        0|   0.00%|       0.000|       0.000|       0.000|
|par2grid                        |    12596|  20.61%|     678.305|     687.490|     696.001|
|grid2par                        |    12596|  26.55%|     863.859|     885.433|     915.988|
|parcel split                    |     2519|   2.53%|      83.139|      84.368|      85.986|
|parcel merge                    |     2519|   0.37%|      11.727|      12.297|      12.777|
|laplace correction              |     5038|   5.91%|     194.447|     197.148|     200.385|
|gradient correction             |     5038|   1.81%|      58.454|      60.354|      61.831|
|net vorticity correction        |     2521|   0.10%|       3.165|       3.336|       3.561|
|parcel initialisation           |        2|   0.00%|       0.013|       0.053|       0.097|
|parcel diagnostics              |     2520|   2.68%|      87.337|      89.444|      97.893|
|parcel I/O                      |        0|   0.00%|       0.000|       0.000|       0.000|
|parcel diagnostics I/O          |     1001|   0.00%|       0.000|       0.052|      13.187|
|field I/O                       |     1001|  16.60%|     545.695|     553.789|     556.734|
|field diagnostics               |     2520|   0.04%|       1.156|       1.403|       2.680|
|field diagnostics I/O           |     1001|   0.00%|       0.000|       0.038|       9.628|
|vor2vel                         |    12596|   8.35%|     269.892|     278.327|     289.462|
|vorticity tendency              |    12596|   4.35%|     144.060|     144.997|     145.823|
|parcel push                     |     2519|  25.85%|     830.810|     862.111|     878.136|
|merge nearest                   |     2519|   0.95%|      30.490|      31.658|      32.417|
|merge tree resolve              |     2506|   1.79%|      58.993|      59.770|      60.768|
|p2g/v2g halo (non-excl.)        |    22672|   1.68%|      34.832|      55.912|      75.279|
|------------------------------------------------------------------------------------------|
 WARNING: Using default value of 'standard_gravity'.
 WARNING: Using default value of 'latent_heat_of_vaporization'.
 WARNING: Using default value of 'specific_heat'.
 WARNING: Using default value of 'temperature_at_sea_level'.
 Found float attribute 'planetary_angular_velocity'.
 WARNING: Using default value of 'saturation_specific_humidity_at_ground_level'.
 Found boolean attribute 'planetary_vorticity'.
 Found float attribute 'latitude_degrees'.
 WARNING: Using default value of 'scale_height'.
 Found character attribute 'ape_calculation'.
 APE calculation using APE density function.
 WARNING: You allow the gridded vertical vorticity component
          at the boundaries to develop non-zero values.
          Stop your simulation if this is not your intention.
 WARNING: You allow the gridded vertical vorticity component
          at the boundaries to develop non-zero values.
          Stop your simulation if this is not your intention.
 WARNING: This simulation will not ensure that the gridded vertical
          vorticity component is zero at the lower boundary.
 WARNING: This simulation will not ensure that the gridded vertical
          vorticity component is zero at the upper boundary.
|------------------------------------------------------------------------------------------|
|            Function            | #Calls  |  % of  |  Min time  | Mean time  |  Max time  |
|              name              |         |  time  | in seconds | in seconds | in seconds |
|------------------------------------------------------------------------------------------|
|epic                            |        1| 100.00%|    4354.304|    4354.306|    4354.309|
|parcel container resize         |        0|   0.00%|       0.000|       0.000|       0.000|
|par2grid                        |    14051|  22.23%|     959.603|     967.768|     976.552|
|grid2par                        |    14051|  28.57%|    1218.944|    1243.938|    1264.629|
|parcel split                    |     2810|   2.76%|     118.243|     120.164|     122.436|
|parcel merge                    |     2810|   0.45%|      18.513|      19.474|      20.392|
|laplace correction              |     5620|   6.19%|     266.720|     269.645|     273.796|
|gradient correction             |     5620|   1.97%|      82.577|      85.840|      87.542|
|net vorticity correction        |     2812|   0.12%|       4.546|       5.251|       7.553|
|parcel initialisation           |        2|   0.00%|       0.014|       0.050|       0.097|
|parcel diagnostics              |     2811|   2.91%|     123.123|     126.551|     139.922|
|parcel I/O                      |        0|   0.00%|       0.000|       0.000|       0.000|
|parcel diagnostics I/O          |     1001|   0.00%|       0.000|       0.052|      13.261|
|field I/O                       |     1001|  12.61%|     536.015|     549.090|     552.690|
|field diagnostics               |     2811|   0.04%|       1.276|       1.587|       2.341|
|field diagnostics I/O           |     1001|   0.00%|       0.000|       0.038|       9.655|
|vor2vel                         |    14051|   7.16%|     301.446|     311.827|     321.705|
|vorticity tendency              |    14051|   3.72%|     161.092|     162.012|     162.835|
|parcel push                     |     2810|  28.04%|    1175.821|    1220.900|    1237.887|
|merge nearest                   |     2810|   1.24%|      50.535|      54.054|      56.619|
|merge tree resolve              |     2793|   2.05%|      88.158|      89.319|      91.221|
|p2g/v2g halo (non-excl.)        |    25291|   1.83%|      43.316|      79.882|     101.334|
|------------------------------------------------------------------------------------------|
srun: Job 4096751 step creation temporarily disabled, retrying (Requested nodes are busy)
srun: Step created for job 4096751
 WARNING: Using default value of 'standard_gravity'.
 WARNING: Using default value of 'latent_heat_of_vaporization'.
 WARNING: Using default value of 'specific_heat'.
 WARNING: Using default value of 'temperature_at_sea_level'.
 Found float attribute 'planetary_angular_velocity'.
 WARNING: Using default value of 'saturation_specific_humidity_at_ground_level'.
 Found boolean attribute 'planetary_vorticity'.
 Found float attribute 'latitude_degrees'.
 WARNING: Using default value of 'scale_height'.
 Found character attribute 'ape_calculation'.
 APE calculation using APE density function.
 WARNING: You allow the gridded vertical vorticity component
          at the boundaries to develop non-zero values.
          Stop your simulation if this is not your intention.
 WARNING: You allow the gridded vertical vorticity component
          at the boundaries to develop non-zero values.
          Stop your simulation if this is not your intention.
 WARNING: This simulation will not ensure that the gridded vertical
          vorticity component is zero at the lower boundary.
 WARNING: This simulation will not ensure that the gridded vertical
          vorticity component is zero at the upper boundary.
|------------------------------------------------------------------------------------------|
|            Function            | #Calls  |  % of  |  Min time  | Mean time  |  Max time  |
|              name              |         |  time  | in seconds | in seconds | in seconds |
|------------------------------------------------------------------------------------------|
|epic                            |        1| 100.00%|    8956.903|    8956.906|    8956.909|
|parcel container resize         |        0|   0.00%|       0.000|       0.000|       0.000|
|par2grid                        |    22941|  24.30%|    2150.357|    2176.125|    2207.565|
|grid2par                        |    22941|  31.78%|    2788.685|    2846.842|    2906.200|
|parcel split                    |     4588|   3.04%|     268.207|     271.913|     276.867|
|parcel merge                    |     4588|   0.48%|      41.053|      42.889|      44.474|
|laplace correction              |     9176|   6.55%|     579.733|     587.093|     598.180|
|gradient correction             |     9176|   2.17%|     187.108|     194.066|     198.400|
|net vorticity correction        |     4590|   0.16%|      13.045|      14.463|      19.283|
|parcel initialisation           |        2|   0.00%|       0.012|       0.049|       0.095|
|parcel diagnostics              |     4589|   3.21%|     280.697|     287.432|     309.562|
|parcel I/O                      |        0|   0.00%|       0.000|       0.000|       0.000|
|parcel diagnostics I/O          |     1001|   0.00%|       0.000|       0.052|      13.416|
|field I/O                       |     1001|   7.01%|     617.959|     627.662|     634.280|
|field diagnostics               |     4589|   0.03%|       2.066|       2.641|       3.622|
|field diagnostics I/O           |     1001|   0.00%|       0.000|       0.041|      10.416|
|vor2vel                         |    22941|   5.80%|     496.919|     519.812|     542.896|
|vorticity tendency              |    22941|   2.94%|     261.912|     263.211|     264.441|
|parcel push                     |     4588|  30.80%|    2672.917|    2759.017|    2800.142|
|merge nearest                   |     4588|   1.65%|     141.456|     147.807|     151.432|
|merge tree resolve              |     4571|   2.11%|     187.049|     189.396|     193.124|
|p2g/v2g halo (non-excl.)        |    41293|   1.62%|      88.656|     145.114|     200.708|
|------------------------------------------------------------------------------------------|
 WARNING: Using default value of 'standard_gravity'.
 WARNING: Using default value of 'latent_heat_of_vaporization'.
 WARNING: Using default value of 'specific_heat'.
 WARNING: Using default value of 'temperature_at_sea_level'.
 Found float attribute 'planetary_angular_velocity'.
 WARNING: Using default value of 'saturation_specific_humidity_at_ground_level'.
 Found boolean attribute 'planetary_vorticity'.
 Found float attribute 'latitude_degrees'.
 WARNING: Using default value of 'scale_height'.
 Found character attribute 'ape_calculation'.
 APE calculation using APE density function.
 WARNING: You allow the gridded vertical vorticity component
          at the boundaries to develop non-zero values.
          Stop your simulation if this is not your intention.
 WARNING: You allow the gridded vertical vorticity component
          at the boundaries to develop non-zero values.
          Stop your simulation if this is not your intention.
 WARNING: This simulation will not ensure that the gridded vertical
          vorticity component is zero at the lower boundary.
 WARNING: This simulation will not ensure that the gridded vertical
          vorticity component is zero at the upper boundary.
|------------------------------------------------------------------------------------------|
|            Function            | #Calls  |  % of  |  Min time  | Mean time  |  Max time  |
|              name              |         |  time  | in seconds | in seconds | in seconds |
|------------------------------------------------------------------------------------------|
|epic                            |        1| 100.00%|   14881.488|   14881.503|   14881.519|
|parcel container resize         |        0|   0.00%|       0.000|       0.000|       0.000|
|par2grid                        |    30021|  25.37%|    3726.665|    3775.944|    3870.944|
|grid2par                        |    30021|  33.02%|    4819.171|    4914.102|    5051.798|
|parcel split                    |     6004|   3.16%|     465.757|     469.649|     475.720|
|parcel merge                    |     6004|   0.52%|      74.157|      76.771|      79.343|
|laplace correction              |    12008|   6.67%|     985.342|     992.287|     997.100|
|gradient correction             |    12008|   2.20%|     323.988|     327.756|     329.686|
|net vorticity correction        |     6006|   0.20%|      27.204|      29.332|      31.985|
|parcel initialisation           |        2|   0.00%|       0.010|       0.048|       0.091|
|parcel diagnostics              |     6005|   3.34%|     485.331|     497.122|     541.871|
|parcel I/O                      |        0|   0.00%|       0.000|       0.000|       0.000|
|parcel diagnostics I/O          |     1001|   0.00%|       0.000|       0.053|      13.538|
|field I/O                       |     1001|   4.79%|     690.519|     712.258|     723.472|
|field diagnostics               |     6005|   0.02%|       2.683|       3.480|       4.676|
|field diagnostics I/O           |     1001|   0.00%|       0.000|       0.040|      10.288|
|vor2vel                         |    30021|   5.00%|     659.593|     743.679|     790.578|
|vorticity tendency              |    30021|   2.32%|     342.960|     344.770|     346.301|
|parcel push                     |     6004|  32.29%|    4704.568|    4805.069|    4932.952|
|merge nearest                   |     6004|   2.13%|     303.185|     316.670|     326.656|
|merge tree resolve              |     5985|   2.09%|     305.687|     311.073|     319.540|
|p2g/v2g halo (non-excl.)        |    54037|   1.76%|     143.290|     261.559|     391.738|
|------------------------------------------------------------------------------------------|
