
Lmod is automatically replacing "cce/15.0.0" with "gcc/11.2.0".


Lmod is automatically replacing "PrgEnv-cray/8.3.3" with "PrgEnv-gnu/8.3.3".


Due to MODULEPATH changes, the following have been reloaded:
  1) cray-mpich/8.1.23

Node summary for    1 nodes:
Node    0, hostname nid004199, mpi  64, omp   1, executable xthi_mpi_mp
MPI summary: 64 ranks 
Node    0, rank    0, thread   0, (affinity =    0) 
Node    0, rank    1, thread   0, (affinity =    4) 
Node    0, rank    2, thread   0, (affinity =    8) 
Node    0, rank    3, thread   0, (affinity =   12) 
Node    0, rank    4, thread   0, (affinity =   16) 
Node    0, rank    5, thread   0, (affinity =   20) 
Node    0, rank    6, thread   0, (affinity =   24) 
Node    0, rank    7, thread   0, (affinity =   28) 
Node    0, rank    8, thread   0, (affinity =  128) 
Node    0, rank    9, thread   0, (affinity =  132) 
Node    0, rank   10, thread   0, (affinity =  136) 
Node    0, rank   11, thread   0, (affinity =  140) 
Node    0, rank   12, thread   0, (affinity =  144) 
Node    0, rank   13, thread   0, (affinity =  148) 
Node    0, rank   14, thread   0, (affinity =  152) 
Node    0, rank   15, thread   0, (affinity =  156) 
Node    0, rank   16, thread   0, (affinity =    1) 
Node    0, rank   17, thread   0, (affinity =    5) 
Node    0, rank   18, thread   0, (affinity =    9) 
Node    0, rank   19, thread   0, (affinity =   13) 
Node    0, rank   20, thread   0, (affinity =   17) 
Node    0, rank   21, thread   0, (affinity =   21) 
Node    0, rank   22, thread   0, (affinity =   25) 
Node    0, rank   23, thread   0, (affinity =   29) 
Node    0, rank   24, thread   0, (affinity =  129) 
Node    0, rank   25, thread   0, (affinity =  133) 
Node    0, rank   26, thread   0, (affinity =  137) 
Node    0, rank   27, thread   0, (affinity =  141) 
Node    0, rank   28, thread   0, (affinity =  145) 
Node    0, rank   29, thread   0, (affinity =  149) 
Node    0, rank   30, thread   0, (affinity =  153) 
Node    0, rank   31, thread   0, (affinity =  157) 
Node    0, rank   32, thread   0, (affinity =    2) 
Node    0, rank   33, thread   0, (affinity =    6) 
Node    0, rank   34, thread   0, (affinity =   10) 
Node    0, rank   35, thread   0, (affinity =   14) 
Node    0, rank   36, thread   0, (affinity =   18) 
Node    0, rank   37, thread   0, (affinity =   22) 
Node    0, rank   38, thread   0, (affinity =   26) 
Node    0, rank   39, thread   0, (affinity =   30) 
Node    0, rank   40, thread   0, (affinity =  130) 
Node    0, rank   41, thread   0, (affinity =  134) 
Node    0, rank   42, thread   0, (affinity =  138) 
Node    0, rank   43, thread   0, (affinity =  142) 
Node    0, rank   44, thread   0, (affinity =  146) 
Node    0, rank   45, thread   0, (affinity =  150) 
Node    0, rank   46, thread   0, (affinity =  154) 
Node    0, rank   47, thread   0, (affinity =  158) 
Node    0, rank   48, thread   0, (affinity =    3) 
Node    0, rank   49, thread   0, (affinity =    7) 
Node    0, rank   50, thread   0, (affinity =   11) 
Node    0, rank   51, thread   0, (affinity =   15) 
Node    0, rank   52, thread   0, (affinity =   19) 
Node    0, rank   53, thread   0, (affinity =   23) 
Node    0, rank   54, thread   0, (affinity =   27) 
Node    0, rank   55, thread   0, (affinity =   31) 
Node    0, rank   56, thread   0, (affinity =  131) 
Node    0, rank   57, thread   0, (affinity =  135) 
Node    0, rank   58, thread   0, (affinity =  139) 
Node    0, rank   59, thread   0, (affinity =  143) 
Node    0, rank   60, thread   0, (affinity =  147) 
Node    0, rank   61, thread   0, (affinity =  151) 
Node    0, rank   62, thread   0, (affinity =  155) 
Node    0, rank   63, thread   0, (affinity =  159) 
 WARNING: Using default value of 'standard_gravity'.
 WARNING: Using default value of 'latent_heat_of_vaporization'.
 WARNING: Using default value of 'specific_heat'.
 WARNING: Using default value of 'temperature_at_sea_level'.
 Found float attribute 'planetary_angular_velocity'.
 WARNING: Using default value of 'saturation_specific_humidity_at_ground_level'.
 Found boolean attribute 'planetary_vorticity'.
 Found float attribute 'latitude_degrees'.
 WARNING: Using default value of 'scale_height'.
 Found character attribute 'ape_calculation'.
 APE calculation using APE density function.
 WARNING: You allow the gridded vertical vorticity component
          at the boundaries to develop non-zero values.
          Stop your simulation if this is not your intention.
 WARNING: You allow the gridded vertical vorticity component
          at the boundaries to develop non-zero values.
          Stop your simulation if this is not your intention.
 WARNING: This simulation will not ensure that the gridded vertical
          vorticity component is zero at the lower boundary.
 WARNING: This simulation will not ensure that the gridded vertical
          vorticity component is zero at the upper boundary.
|------------------------------------------------------------------------------------------|
|            Function            | #Calls  |  % of  |  Min time  | Mean time  |  Max time  |
|              name              |         |  time  | in seconds | in seconds | in seconds |
|------------------------------------------------------------------------------------------|
|epic                            |        1| 100.00%|    1085.704|    1085.704|    1085.709|
|parcel container resize         |        0|   0.00%|       0.000|       0.000|       0.000|
|par2grid                        |     6686|  23.89%|     254.374|     259.376|     262.949|
|grid2par                        |     6686|  30.02%|     321.688|     325.904|     329.735|
|parcel split                    |     1337|   3.05%|      33.025|      33.140|      33.202|
|parcel merge                    |     1337|   0.69%|       7.401|       7.461|       7.524|
|laplace correction              |     2674|   6.25%|      67.786|      67.890|      68.074|
|gradient correction             |     2674|   2.14%|      23.208|      23.260|      23.317|
|net vorticity correction        |     1339|   0.10%|       1.005|       1.049|       1.081|
|parcel initialisation           |        2|   0.00%|       0.007|       0.010|       0.011|
|parcel diagnostics              |     1338|   3.16%|      33.507|      34.338|      36.544|
|parcel I/O                      |        0|   0.00%|       0.000|       0.000|       0.000|
|parcel diagnostics I/O          |     1001|   0.02%|       0.000|       0.176|      11.249|
|field I/O                       |     1001|   9.60%|     101.316|     104.180|     105.355|
|field diagnostics               |     1338|   0.04%|       0.350|       0.385|       0.430|
|field diagnostics I/O           |     1001|   0.01%|       0.000|       0.077|       4.899|
|vor2vel                         |     6686|   5.03%|      54.328|      54.614|      55.000|
|vorticity tendency              |     6686|   2.35%|      25.449|      25.488|      25.526|
|parcel push                     |     1337|  29.97%|     307.493|     325.390|     327.905|
|merge nearest                   |     1337|   2.20%|      23.281|      23.849|      24.320|
|merge tree resolve              |     1322|   3.11%|      33.466|      33.816|      34.390|
|p2g/v2g halo (non-excl.)        |    12034|   2.09%|      14.618|      22.662|      29.988|
|------------------------------------------------------------------------------------------|
 WARNING: Using default value of 'standard_gravity'.
 WARNING: Using default value of 'latent_heat_of_vaporization'.
 WARNING: Using default value of 'specific_heat'.
 WARNING: Using default value of 'temperature_at_sea_level'.
 Found float attribute 'planetary_angular_velocity'.
 WARNING: Using default value of 'saturation_specific_humidity_at_ground_level'.
 Found boolean attribute 'planetary_vorticity'.
 Found float attribute 'latitude_degrees'.
 WARNING: Using default value of 'scale_height'.
 Found character attribute 'ape_calculation'.
 APE calculation using APE density function.
 WARNING: You allow the gridded vertical vorticity component
          at the boundaries to develop non-zero values.
          Stop your simulation if this is not your intention.
 WARNING: You allow the gridded vertical vorticity component
          at the boundaries to develop non-zero values.
          Stop your simulation if this is not your intention.
 WARNING: This simulation will not ensure that the gridded vertical
          vorticity component is zero at the lower boundary.
 WARNING: This simulation will not ensure that the gridded vertical
          vorticity component is zero at the upper boundary.
|------------------------------------------------------------------------------------------|
|            Function            | #Calls  |  % of  |  Min time  | Mean time  |  Max time  |
|              name              |         |  time  | in seconds | in seconds | in seconds |
|------------------------------------------------------------------------------------------|
|epic                            |        1| 100.00%|    1180.925|    1180.926|    1180.931|
|parcel container resize         |        0|   0.00%|       0.000|       0.000|       0.000|
|par2grid                        |     8716|  25.52%|     296.920|     301.363|     304.603|
|grid2par                        |     8716|  32.55%|     379.097|     384.346|     390.049|
|parcel split                    |     1743|   3.11%|      36.503|      36.783|      36.863|
|parcel merge                    |     1743|   0.34%|       4.020|       4.060|       4.113|
|laplace correction              |     3486|   6.73%|      79.340|      79.439|      79.707|
|gradient correction             |     3486|   2.24%|      26.473|      26.501|      26.530|
|net vorticity correction        |     1745|   0.11%|       1.248|       1.271|       1.295|
|parcel initialisation           |        2|   0.00%|       0.008|       0.010|       0.012|
|parcel diagnostics              |     1744|   3.39%|      39.049|      40.091|      42.750|
|parcel I/O                      |        0|   0.00%|       0.000|       0.000|       0.000|
|parcel diagnostics I/O          |     1001|   0.01%|       0.000|       0.159|      10.194|
|field I/O                       |     1001|   8.55%|      97.416|     101.001|     102.316|
|field diagnostics               |     1744|   0.04%|       0.435|       0.495|       0.579|
|field diagnostics I/O           |     1001|   0.01%|       0.000|       0.072|       4.625|
|vor2vel                         |     8716|   4.87%|      56.985|      57.462|      58.318|
|vorticity tendency              |     8716|   2.41%|      28.417|      28.453|      28.495|
|parcel push                     |     1743|  31.70%|     353.420|     374.312|     377.909|
|merge nearest                   |     1743|   0.91%|      10.419|      10.786|      11.385|
|merge tree resolve              |     1725|   0.57%|       6.563|       6.782|       7.049|
|p2g/v2g halo (non-excl.)        |    15688|   2.06%|      15.907|      24.300|      29.796|
|------------------------------------------------------------------------------------------|
