
Lmod is automatically replacing "cce/15.0.0" with "gcc/11.2.0".


Lmod is automatically replacing "PrgEnv-cray/8.3.3" with "PrgEnv-gnu/8.3.3".


Due to MODULEPATH changes, the following have been reloaded:
  1) cray-mpich/8.1.23

Node summary for    1 nodes:
Node    0, hostname nid002240, mpi  16, omp   1, executable xthi_mpi_mp
MPI summary: 16 ranks 
Node    0, rank    0, thread   0, (affinity =    0) 
Node    0, rank    1, thread   0, (affinity =    4) 
Node    0, rank    2, thread   0, (affinity =  128) 
Node    0, rank    3, thread   0, (affinity =  132) 
Node    0, rank    4, thread   0, (affinity =    1) 
Node    0, rank    5, thread   0, (affinity =    5) 
Node    0, rank    6, thread   0, (affinity =  129) 
Node    0, rank    7, thread   0, (affinity =  133) 
Node    0, rank    8, thread   0, (affinity =    2) 
Node    0, rank    9, thread   0, (affinity =    6) 
Node    0, rank   10, thread   0, (affinity =  130) 
Node    0, rank   11, thread   0, (affinity =  134) 
Node    0, rank   12, thread   0, (affinity =    3) 
Node    0, rank   13, thread   0, (affinity =    7) 
Node    0, rank   14, thread   0, (affinity =  131) 
Node    0, rank   15, thread   0, (affinity =  135) 
 WARNING: No physical constants found! EPIC uses default values.
 WARNING: Could not find a 'parameters' group in the provided
          NetCDF file.
          Note this will result in the boundary zeta flags being
          set to false starting with parcels (which could well be
          undesirable).
|------------------------------------------------------------------------------------------|
|            Function            | #Calls  |  % of  |  Min time  | Mean time  |  Max time  |
|              name              |         |  time  | in seconds | in seconds | in seconds |
|------------------------------------------------------------------------------------------|
|epic                            |        1| 100.00%|     596.670|     596.670|     596.670|
|parcel container resize         |        0|   0.00%|       0.000|       0.000|       0.000|
|par2grid                        |     9881|  28.75%|     171.422|     171.566|     171.637|
|grid2par                        |     9881|  36.23%|     213.841|     216.172|     218.293|
|parcel split                    |     1976|   3.63%|      21.663|      21.672|      21.680|
|parcel merge                    |     1976|   0.46%|       2.743|       2.755|       2.763|
|laplace correction              |     3952|   7.53%|      44.940|      44.958|      44.972|
|gradient correction             |     3952|   2.37%|      14.151|      14.157|      14.164|
|net vorticity correction        |     1978|   0.09%|       0.527|       0.534|       0.540|
|parcel initialisation           |        2|   0.00%|       0.014|       0.015|       0.015|
|parcel diagnostics              |     1977|   3.47%|      20.365|      20.690|      21.253|
|parcel I/O                      |        0|   0.00%|       0.000|       0.000|       0.000|
|parcel diagnostics I/O          |      401|   0.03%|       0.000|       0.171|       2.735|
|field I/O                       |       41|   0.42%|       2.433|       2.506|       2.524|
|field diagnostics               |     1977|   0.02%|       0.074|       0.127|       0.249|
|field diagnostics I/O           |      401|   0.02%|       0.000|       0.108|       1.728|
|vor2vel                         |     9881|   5.15%|      30.677|      30.708|      30.751|
|vorticity tendency              |     9881|   2.22%|      13.246|      13.260|      13.286|
|parcel push                     |     1976|  32.71%|     186.195|     195.197|     196.892|
|merge nearest                   |     1976|   1.59%|       9.427|       9.486|       9.524|
|merge tree resolve              |     1970|   1.26%|       7.478|       7.516|       7.579|
|p2g/v2g halo (non-excl.)        |    17785|   1.11%|       4.172|       6.606|       8.382|
|------------------------------------------------------------------------------------------|
